2025-12-29 11:47:17,093 [INFO] Activator:176 - 


2025-12-29 11:47:17,093 [INFO] Activator:177 - !SESSION log4j initialized
2025-12-29 11:47:18,507 [INFO] LogOutputStream:77 - [STDOUT_REDIRECT] 
2025-12-29 11:47:19,806 [INFO] ApplicationProperties:184 - Using Application install path: C:\ST\STM32CubeIDE_1.19.0\STM32CubeIDE\plugins\com.st.stm32cube.common.mx_6.15.0.202507011659
2025-12-29 11:47:19,821 [INFO] DbMcusXml:78 - Set database path to: C:\ST\STM32CubeIDE_1.19.0\STM32CubeIDE\plugins\com.st.stm32cube.common.mx_6.15.0.202507011659\\db\/mcu/
2025-12-29 11:47:19,821 [INFO] ApiDb:274 - Set plugin database path to: C:\ST\STM32CubeIDE_1.19.0\STM32CubeIDE\plugins\com.st.stm32cube.common.mx_6.15.0.202507011659\\db\/plugins/boardmanager/
2025-12-29 11:47:19,821 [WARN] ApiDb:259 - Overriding images path with different value:  => C:\ST\STM32CubeIDE_1.19.0\STM32CubeIDE\plugins\com.st.stm32cube.common.mx_6.15.0.202507011659\\db\/plugins/mcufinder/images/
2025-12-29 11:47:19,825 [INFO] ApiDb:250 - Set database path to: C:\Users\TEMP.DESKTOP-EVM2VJ6.000\.stmcufinder\plugins\mcufinder//mcu/
2025-12-29 11:47:19,825 [INFO] DbMcusAds:125 - Set database path to: C:\Users\TEMP.DESKTOP-EVM2VJ6.000\.stmcufinder\plugins\mcufinder//mcu/
2025-12-29 11:47:19,829 [INFO] CrossReferenceDbSqlite:203 - Set database path to: C:\Users\TEMP.DESKTOP-EVM2VJ6.000\.stmcufinder\plugins\mcufinder//mcu/cs/
2025-12-29 11:47:19,908 [INFO] RulesReader:64 - Compatibility file has been processed (317 Rules)
2025-12-29 11:47:19,949 [INFO] DbMcusXml:78 - Set database path to: C:\ST\STM32CubeIDE_1.19.0\STM32CubeIDE\plugins\com.st.stm32cube.common.mx_6.15.0.202507011659\\db\/mcu/
2025-12-29 11:47:19,949 [INFO] ApiDb:274 - Set plugin database path to: C:\ST\STM32CubeIDE_1.19.0\STM32CubeIDE\plugins\com.st.stm32cube.common.mx_6.15.0.202507011659\\db\/plugins/boardmanager/
2025-12-29 11:47:19,949 [INFO] ApiDb:261 - Set plugin images path to: C:\ST\STM32CubeIDE_1.19.0\STM32CubeIDE\plugins\com.st.stm32cube.common.mx_6.15.0.202507011659\\db\/plugins/mcufinder/images/
2025-12-29 11:47:19,949 [WARN] DbFile:41 - Overriding database path with different value: C:\Users\TEMP.DESKTOP-EVM2VJ6.000\.stmcufinder\plugins\mcufinder/ => C:\Users\TEMP.DESKTOP-EVM2VJ6.000\.stmcufinder\plugins\mcufinder
2025-12-29 11:47:19,951 [INFO] ApiDb:250 - Set database path to: C:\Users\TEMP.DESKTOP-EVM2VJ6.000\.stmcufinder\plugins\mcufinder//mcu/
2025-12-29 11:47:19,951 [WARN] DbFile:41 - Overriding database path with different value: C:\Users\TEMP.DESKTOP-EVM2VJ6.000\.stmcufinder\plugins\mcufinder/ => C:\Users\TEMP.DESKTOP-EVM2VJ6.000\.stmcufinder\plugins\mcufinder
2025-12-29 11:47:19,951 [INFO] DbMcusAds:125 - Set database path to: C:\Users\TEMP.DESKTOP-EVM2VJ6.000\.stmcufinder\plugins\mcufinder//mcu/
2025-12-29 11:47:19,951 [WARN] DbFile:41 - Overriding database path with different value: C:\Users\TEMP.DESKTOP-EVM2VJ6.000\.stmcufinder\plugins\mcufinder/ => C:\Users\TEMP.DESKTOP-EVM2VJ6.000\.stmcufinder\plugins\mcufinder
2025-12-29 11:47:19,951 [WARN] DbFile:41 - Overriding database path with different value: C:\Users\TEMP.DESKTOP-EVM2VJ6.000\.stmcufinder\plugins\mcufinder/ => C:\Users\TEMP.DESKTOP-EVM2VJ6.000\.stmcufinder\plugins\mcufinder
2025-12-29 11:47:19,951 [INFO] CrossReferenceDbSqlite:203 - Set database path to: C:\Users\TEMP.DESKTOP-EVM2VJ6.000\.stmcufinder\plugins\mcufinder//mcu/cs/
2025-12-29 11:47:19,988 [INFO] MainPanel:274 - HeapMemory: 268435456
2025-12-29 11:47:20,035 [INFO] DbMcusXml:78 - Set database path to: C:\ST\STM32CubeIDE_1.19.0\STM32CubeIDE\plugins\com.st.stm32cube.common.mx_6.15.0.202507011659\\db\/mcu/
2025-12-29 11:47:20,035 [INFO] ApiDb:274 - Set plugin database path to: C:\ST\STM32CubeIDE_1.19.0\STM32CubeIDE\plugins\com.st.stm32cube.common.mx_6.15.0.202507011659\\db\/plugins/boardmanager/
2025-12-29 11:47:20,035 [INFO] ApiDb:261 - Set plugin images path to: C:\ST\STM32CubeIDE_1.19.0\STM32CubeIDE\plugins\com.st.stm32cube.common.mx_6.15.0.202507011659\\db\/plugins/mcufinder/images/
2025-12-29 11:47:20,036 [WARN] DbFile:41 - Overriding database path with different value: C:\Users\TEMP.DESKTOP-EVM2VJ6.000\.stmcufinder\plugins\mcufinder/ => C:\Users\TEMP.DESKTOP-EVM2VJ6.000\.stmcufinder\plugins\mcufinder
2025-12-29 11:47:20,036 [INFO] ApiDb:250 - Set database path to: C:\Users\TEMP.DESKTOP-EVM2VJ6.000\.stmcufinder\plugins\mcufinder//mcu/
2025-12-29 11:47:20,036 [WARN] DbFile:41 - Overriding database path with different value: C:\Users\TEMP.DESKTOP-EVM2VJ6.000\.stmcufinder\plugins\mcufinder/ => C:\Users\TEMP.DESKTOP-EVM2VJ6.000\.stmcufinder\plugins\mcufinder
2025-12-29 11:47:20,036 [INFO] DbMcusAds:125 - Set database path to: C:\Users\TEMP.DESKTOP-EVM2VJ6.000\.stmcufinder\plugins\mcufinder//mcu/
2025-12-29 11:47:20,036 [WARN] DbFile:41 - Overriding database path with different value: C:\Users\TEMP.DESKTOP-EVM2VJ6.000\.stmcufinder\plugins\mcufinder/ => C:\Users\TEMP.DESKTOP-EVM2VJ6.000\.stmcufinder\plugins\mcufinder
2025-12-29 11:47:20,036 [WARN] DbFile:41 - Overriding database path with different value: C:\Users\TEMP.DESKTOP-EVM2VJ6.000\.stmcufinder\plugins\mcufinder/ => C:\Users\TEMP.DESKTOP-EVM2VJ6.000\.stmcufinder\plugins\mcufinder
2025-12-29 11:47:20,036 [INFO] CrossReferenceDbSqlite:203 - Set database path to: C:\Users\TEMP.DESKTOP-EVM2VJ6.000\.stmcufinder\plugins\mcufinder//mcu/cs/
2025-12-29 11:47:20,046 [INFO] ApplicationProperties:184 - Using Application install path: C:\ST\STM32CubeIDE_1.19.0\STM32CubeIDE\plugins\com.st.stm32cube.common.mx_6.15.0.202507011659
2025-12-29 11:47:20,046 [INFO] PluginManage:196 - Search for loadable plugins [exclusion list=, ]
2025-12-29 11:47:20,047 [INFO] PluginManage:310 - Check plugin analytics
2025-12-29 11:47:20,187 [INFO] AnalyticsPlugin:253 - Accepted Software Licenses: 
2025-12-29 11:47:20,188 [INFO] AnalyticsPlugin:255 - Accepted CMSIS Pack Licenses: 
2025-12-29 11:47:20,188 [INFO] AnalyticsPlugin:257 - Accepted Firmware Licenses: 
2025-12-29 11:47:20,191 [INFO] PluginManage:359 - Loaded plugin analytics (category:tool,tabindex:-1)
2025-12-29 11:47:20,192 [INFO] PluginManage:310 - Check plugin cadmodel
2025-12-29 11:47:20,194 [INFO] CADModel:105 - Init CAD model plugin
2025-12-29 11:47:20,194 [INFO] PluginManage:359 - Loaded plugin cadmodel (category:power,tabindex:5)
2025-12-29 11:47:20,196 [INFO] PluginManage:310 - Check plugin clock
2025-12-29 11:47:20,200 [INFO] PluginManage:359 - Loaded plugin clock (category:base,tabindex:2)
2025-12-29 11:47:20,200 [INFO] PluginManage:310 - Check plugin ddr
2025-12-29 11:47:20,201 [INFO] PluginManage:359 - Loaded plugin ddr (category:tool,tabindex:6)
2025-12-29 11:47:20,201 [INFO] PluginManage:310 - Check plugin filemanager
2025-12-29 11:47:20,294 [INFO] PluginManage:359 - Loaded plugin filemanager (category:base,tabindex:10)
2025-12-29 11:47:20,294 [INFO] PluginManage:310 - Check plugin ipmanager
2025-12-29 11:47:20,299 [INFO] PluginManage:359 - Loaded plugin ipmanager (category:base,tabindex:5)
2025-12-29 11:47:20,299 [INFO] PluginManage:310 - Check plugin lpbam
2025-12-29 11:47:20,304 [INFO] PluginManage:359 - Loaded plugin lpbam (category:base,tabindex:0)
2025-12-29 11:47:20,304 [INFO] PluginManage:310 - Check plugin memorymap
2025-12-29 11:47:20,312 [INFO] PluginManage:359 - Loaded plugin memorymap (category:base,tabindex:4)
2025-12-29 11:47:20,312 [INFO] PluginManage:310 - Check plugin pinoutandconfiguration
2025-12-29 11:47:20,316 [INFO] PluginManage:359 - Loaded plugin pinoutandconfiguration (category:base,tabindex:1)
2025-12-29 11:47:20,316 [INFO] PluginManage:310 - Check plugin pinoutconfig
2025-12-29 11:47:20,364 [WARN] SupportedApi:132 - Cannot load RTOS API schema: s4s-elt-must-match.1: The content of 'definitions' must match (annotation?, (simpleType | complexType)?, (unique | key | keyref)*)). A problem was found starting at: attribute.
2025-12-29 11:47:20,431 [INFO] PluginManage:359 - Loaded plugin pinoutconfig (category:base,tabindex:0)
2025-12-29 11:47:20,431 [INFO] PluginManage:310 - Check plugin power
2025-12-29 11:47:20,435 [INFO] PluginManage:359 - Loaded plugin power (category:power,tabindex:4)
2025-12-29 11:47:20,435 [INFO] PluginManage:310 - Check plugin projectmanager
2025-12-29 11:47:20,446 [INFO] PluginManage:359 - Loaded plugin projectmanager (category:projectmanager,tabindex:4)
2025-12-29 11:47:20,446 [INFO] PluginManage:310 - Check plugin rif
2025-12-29 11:47:20,450 [INFO] PluginManage:359 - Loaded plugin rif (category:base,tabindex:3)
2025-12-29 11:47:20,450 [INFO] PluginManage:310 - Check plugin thirdparty
2025-12-29 11:47:20,521 [INFO] PluginManage:359 - Loaded plugin thirdparty (category:base,tabindex:-1)
2025-12-29 11:47:20,522 [WARN] IntegrityCheckThread:84 - waiting for thirdparty lock release [integrity check]
2025-12-29 11:47:20,522 [INFO] IntegrityCheckThread:86 - entering critical section [integrity check]
2025-12-29 11:47:20,522 [INFO] PluginManage:310 - Check plugin tools
2025-12-29 11:47:20,522 [INFO] ThirdPartyUpdaterWithRetryManager:70 - Updater plugin not ready yet. [1/15]
2025-12-29 11:47:20,523 [INFO] PluginManage:359 - Loaded plugin tools (category:base,tabindex:7)
2025-12-29 11:47:20,523 [INFO] PluginManage:310 - Check plugin tutovideos
2025-12-29 11:47:20,624 [INFO] PluginManage:359 - Loaded plugin tutovideos (category:base,tabindex:-1)
2025-12-29 11:47:20,624 [INFO] PluginManage:310 - Check plugin updater
2025-12-29 11:47:20,637 [INFO] PluginManage:359 - Loaded plugin updater (category:base,tabindex:12)
2025-12-29 11:47:20,637 [INFO] PluginManage:310 - Check plugin userauth
2025-12-29 11:47:20,639 [INFO] UserAuth:118 - Init User Auth plugin
2025-12-29 11:47:20,639 [INFO] PluginManage:359 - Loaded plugin userauth (category:base,tabindex:14)
2025-12-29 11:47:20,640 [INFO] PluginManage:283 - PluginManage : Loaded plugins [18]
2025-12-29 11:47:20,758 [INFO] PinOutPanel:1589 - setPackage(No Configuration,No Configuration)
2025-12-29 11:47:20,807 [INFO] CADModel:165 - CPN selected for project level
2025-12-29 11:47:20,808 [INFO] CADModel:114 - Register for checkConnection events
2025-12-29 11:47:20,817 [INFO] IPUIPlugin:80 - create IPUIPlugin
2025-12-29 11:47:20,817 [INFO] PluginManager:220 - loadIPPluginJar : add adc
2025-12-29 11:47:20,818 [INFO] IPUIPlugin:80 - create IPUIPlugin
2025-12-29 11:47:20,818 [INFO] PluginManager:220 - loadIPPluginJar : add aes
2025-12-29 11:47:20,819 [INFO] IPUIPlugin:80 - create IPUIPlugin
2025-12-29 11:47:20,819 [INFO] PluginManager:220 - loadIPPluginJar : add can
2025-12-29 11:47:20,821 [INFO] IPUIPlugin:80 - create IPUIPlugin
2025-12-29 11:47:20,821 [INFO] PluginManager:220 - loadIPPluginJar : add comp
2025-12-29 11:47:20,822 [INFO] IPUIPlugin:80 - create IPUIPlugin
2025-12-29 11:47:20,822 [INFO] PluginManager:220 - loadIPPluginJar : add cryp
2025-12-29 11:47:20,823 [INFO] IPUIPlugin:80 - create IPUIPlugin
2025-12-29 11:47:20,823 [INFO] PluginManager:220 - loadIPPluginJar : add ddr_ctrl_phy
2025-12-29 11:47:20,824 [INFO] IPUIPlugin:80 - create IPUIPlugin
2025-12-29 11:47:20,824 [INFO] PluginManager:220 - loadIPPluginJar : add dfsdm
2025-12-29 11:47:20,827 [INFO] IPUIPlugin:80 - create IPUIPlugin
2025-12-29 11:47:20,828 [INFO] PluginManager:220 - loadIPPluginJar : add dma
2025-12-29 11:47:20,829 [INFO] IPUIPlugin:80 - create IPUIPlugin
2025-12-29 11:47:20,829 [INFO] PluginManager:220 - loadIPPluginJar : add dma3
2025-12-29 11:47:20,830 [INFO] IPUIPlugin:80 - create IPUIPlugin
2025-12-29 11:47:20,831 [INFO] PluginManager:220 - loadIPPluginJar : add extmemmanager
2025-12-29 11:47:20,831 [INFO] IPUIPlugin:80 - create IPUIPlugin
2025-12-29 11:47:20,831 [INFO] PluginManager:220 - loadIPPluginJar : add fatfs
2025-12-29 11:47:20,833 [INFO] IPUIPlugin:80 - create IPUIPlugin
2025-12-29 11:47:20,833 [INFO] PluginManager:220 - loadIPPluginJar : add fmc
2025-12-29 11:47:20,836 [INFO] IPUIPlugin:80 - create IPUIPlugin
2025-12-29 11:47:20,836 [INFO] PluginManager:220 - loadIPPluginJar : add freertos
2025-12-29 11:47:20,837 [INFO] IPUIPlugin:80 - create IPUIPlugin
2025-12-29 11:47:20,837 [INFO] PluginManager:220 - loadIPPluginJar : add genericplugin
2025-12-29 11:47:20,838 [INFO] IPUIPlugin:80 - create IPUIPlugin
2025-12-29 11:47:20,838 [INFO] PluginManager:220 - loadIPPluginJar : add gfxmmu
2025-12-29 11:47:20,840 [INFO] IPUIPlugin:80 - create IPUIPlugin
2025-12-29 11:47:20,840 [INFO] PluginManager:220 - loadIPPluginJar : add gic
2025-12-29 11:47:20,843 [INFO] IPUIPlugin:80 - create IPUIPlugin
2025-12-29 11:47:20,843 [INFO] PluginManager:220 - loadIPPluginJar : add gpio
2025-12-29 11:47:20,843 [INFO] IPUIPlugin:80 - create IPUIPlugin
2025-12-29 11:47:20,843 [INFO] PluginManager:220 - loadIPPluginJar : add gtzc
2025-12-29 11:47:20,846 [INFO] IPUIPlugin:80 - create IPUIPlugin
2025-12-29 11:47:20,846 [INFO] PluginManager:220 - loadIPPluginJar : add hash
2025-12-29 11:47:20,847 [INFO] IPUIPlugin:80 - create IPUIPlugin
2025-12-29 11:47:20,847 [INFO] PluginManager:220 - loadIPPluginJar : add i2c
2025-12-29 11:47:20,848 [INFO] IPUIPlugin:80 - create IPUIPlugin
2025-12-29 11:47:20,848 [INFO] PluginManager:220 - loadIPPluginJar : add i2s
2025-12-29 11:47:20,849 [INFO] IPUIPlugin:80 - create IPUIPlugin
2025-12-29 11:47:20,849 [INFO] PluginManager:220 - loadIPPluginJar : add i3c
2025-12-29 11:47:20,850 [INFO] IPUIPlugin:80 - create IPUIPlugin
2025-12-29 11:47:20,850 [INFO] PluginManager:220 - loadIPPluginJar : add ipddr
2025-12-29 11:47:20,854 [INFO] IPUIPlugin:80 - create IPUIPlugin
2025-12-29 11:47:20,854 [INFO] PluginManager:220 - loadIPPluginJar : add linkedlist
2025-12-29 11:47:20,857 [INFO] IPUIPlugin:80 - create IPUIPlugin
2025-12-29 11:47:20,857 [INFO] PluginManager:220 - loadIPPluginJar : add lorawan
2025-12-29 11:47:20,857 [INFO] IPUIPlugin:80 - create IPUIPlugin
2025-12-29 11:47:20,857 [INFO] PluginManager:220 - loadIPPluginJar : add ltdc
2025-12-29 11:47:20,861 [INFO] IPUIPlugin:80 - create IPUIPlugin
2025-12-29 11:47:20,861 [INFO] PluginManager:220 - loadIPPluginJar : add mdma
2025-12-29 11:47:20,863 [INFO] IPUIPlugin:80 - create IPUIPlugin
2025-12-29 11:47:20,863 [INFO] PluginManager:220 - loadIPPluginJar : add nvic
2025-12-29 11:47:20,865 [INFO] IPUIPlugin:80 - create IPUIPlugin
2025-12-29 11:47:20,865 [INFO] PluginManager:220 - loadIPPluginJar : add opamp
2025-12-29 11:47:20,866 [INFO] IPUIPlugin:80 - create IPUIPlugin
2025-12-29 11:47:20,866 [INFO] PluginManager:220 - loadIPPluginJar : add openamp
2025-12-29 11:47:20,868 [INFO] IPUIPlugin:80 - create IPUIPlugin
2025-12-29 11:47:20,868 [INFO] PluginManager:220 - loadIPPluginJar : add pdm2pcm
2025-12-29 11:47:20,871 [INFO] IPUIPlugin:80 - create IPUIPlugin
2025-12-29 11:47:20,872 [INFO] PluginManager:220 - loadIPPluginJar : add plateformsettings
2025-12-29 11:47:20,873 [INFO] IPUIPlugin:80 - create IPUIPlugin
2025-12-29 11:47:20,873 [INFO] PluginManager:220 - loadIPPluginJar : add quadspi
2025-12-29 11:47:20,874 [INFO] IPUIPlugin:80 - create IPUIPlugin
2025-12-29 11:47:20,874 [INFO] PluginManager:220 - loadIPPluginJar : add radio
2025-12-29 11:47:20,877 [INFO] IPUIPlugin:80 - create IPUIPlugin
2025-12-29 11:47:20,877 [INFO] PluginManager:220 - loadIPPluginJar : add resmgrutility
2025-12-29 11:47:20,878 [INFO] IPUIPlugin:80 - create IPUIPlugin
2025-12-29 11:47:20,878 [INFO] PluginManager:220 - loadIPPluginJar : add sai
2025-12-29 11:47:20,879 [INFO] IPUIPlugin:80 - create IPUIPlugin
2025-12-29 11:47:20,879 [INFO] PluginManager:220 - loadIPPluginJar : add spi
2025-12-29 11:47:20,882 [INFO] IPUIPlugin:80 - create IPUIPlugin
2025-12-29 11:47:20,882 [INFO] PluginManager:220 - loadIPPluginJar : add stm32_wpan
2025-12-29 11:47:20,884 [INFO] IPUIPlugin:80 - create IPUIPlugin
2025-12-29 11:47:20,884 [INFO] PluginManager:220 - loadIPPluginJar : add tim
2025-12-29 11:47:20,885 [INFO] IPUIPlugin:80 - create IPUIPlugin
2025-12-29 11:47:20,886 [INFO] PluginManager:220 - loadIPPluginJar : add touchsensing
2025-12-29 11:47:20,887 [INFO] IPUIPlugin:80 - create IPUIPlugin
2025-12-29 11:47:20,887 [INFO] PluginManager:220 - loadIPPluginJar : add tracer_emb
2025-12-29 11:47:20,888 [INFO] IPUIPlugin:80 - create IPUIPlugin
2025-12-29 11:47:20,888 [INFO] PluginManager:220 - loadIPPluginJar : add ts
2025-12-29 11:47:20,888 [INFO] IPUIPlugin:80 - create IPUIPlugin
2025-12-29 11:47:20,889 [INFO] PluginManager:220 - loadIPPluginJar : add tsc
2025-12-29 11:47:20,890 [INFO] IPUIPlugin:80 - create IPUIPlugin
2025-12-29 11:47:20,890 [INFO] PluginManager:220 - loadIPPluginJar : add ucpd
2025-12-29 11:47:20,891 [INFO] IPUIPlugin:80 - create IPUIPlugin
2025-12-29 11:47:20,892 [INFO] PluginManager:220 - loadIPPluginJar : add usart
2025-12-29 11:47:20,893 [INFO] IPUIPlugin:80 - create IPUIPlugin
2025-12-29 11:47:20,893 [INFO] PluginManager:220 - loadIPPluginJar : add usbx
2025-12-29 11:47:20,998 [FATAL] Updater:351 - Updater called before beeing initialized
2025-12-29 11:47:21,018 [INFO] RulesReader:64 - Compatibility file has been processed (317 Rules)
2025-12-29 11:47:21,023 [INFO] RulesReader:64 - Compatibility file has been processed (317 Rules)
2025-12-29 11:47:21,029 [INFO] CADModel:165 - CPN selected for project level
2025-12-29 11:47:21,029 [INFO] CADModel:114 - Register for checkConnection events
2025-12-29 11:47:21,029 [FATAL] Updater:351 - Updater called before beeing initialized
2025-12-29 11:47:21,029 [ERROR] CADModel:125 - Updater not yet initialized, retry later 
2025-12-29 11:47:21,108 [FATAL] Updater:351 - Updater called before beeing initialized
2025-12-29 11:47:21,109 [INFO] CADModel:165 - CPN selected for project level
2025-12-29 11:47:21,109 [INFO] CADModel:114 - Register for checkConnection events
2025-12-29 11:47:21,109 [FATAL] Updater:351 - Updater called before beeing initialized
2025-12-29 11:47:21,109 [ERROR] CADModel:125 - Updater not yet initialized, retry later 
2025-12-29 11:47:21,111 [FATAL] Updater:351 - Updater called before beeing initialized
2025-12-29 11:47:21,174 [FATAL] Updater:351 - Updater called before beeing initialized
2025-12-29 11:47:21,177 [INFO] DbMcusAds:53 - JSON generation date=Tue Jul 08 17:14:23 KST 2025 (1751962463562)
2025-12-29 11:47:21,177 [FATAL] Updater:351 - Updater called before beeing initialized
2025-12-29 11:47:21,198 [WARN] DetailPanel:346 - Failed to get advertising image, set to default
2025-12-29 11:47:21,249 [FATAL] Updater:351 - Updater called before beeing initialized
2025-12-29 11:47:21,251 [FATAL] Updater:351 - Updater called before beeing initialized
2025-12-29 11:47:21,251 [FATAL] Updater:351 - Updater called before beeing initialized
2025-12-29 11:47:21,251 [WARN] DetailPanel:346 - Failed to get advertising image, set to default
2025-12-29 11:47:21,251 [FATAL] Updater:351 - Updater called before beeing initialized
2025-12-29 11:47:21,275 [ERROR] Updater:1198 - MainUpdater not yet initialized. External WinMGr cannot be set.
2025-12-29 11:47:21,276 [INFO] Updater:1134 - Updater Version found : 6.15.0
2025-12-29 11:47:21,287 [INFO] ApplicationProperties:184 - Using Application install path: C:\ST\STM32CubeIDE_1.19.0\STM32CubeIDE\plugins\com.st.stm32cube.common.mx_6.15.0.202507011659
2025-12-29 11:47:50,102 [INFO] Activator:176 - 


2025-12-29 11:47:50,103 [INFO] Activator:177 - !SESSION log4j initialized
2025-12-29 11:47:52,010 [INFO] LogOutputStream:77 - [STDOUT_REDIRECT] 
2025-12-29 11:47:57,056 [INFO] ApplicationProperties:184 - Using Application install path: C:\ST\STM32CubeIDE_1.19.0\STM32CubeIDE\plugins\com.st.stm32cube.common.mx_6.15.0.202507011659
2025-12-29 11:47:57,069 [INFO] DbMcusXml:78 - Set database path to: C:\ST\STM32CubeIDE_1.19.0\STM32CubeIDE\plugins\com.st.stm32cube.common.mx_6.15.0.202507011659\\db\/mcu/
2025-12-29 11:47:57,069 [INFO] ApiDb:274 - Set plugin database path to: C:\ST\STM32CubeIDE_1.19.0\STM32CubeIDE\plugins\com.st.stm32cube.common.mx_6.15.0.202507011659\\db\/plugins/boardmanager/
2025-12-29 11:47:57,069 [WARN] ApiDb:259 - Overriding images path with different value:  => C:\ST\STM32CubeIDE_1.19.0\STM32CubeIDE\plugins\com.st.stm32cube.common.mx_6.15.0.202507011659\\db\/plugins/mcufinder/images/
2025-12-29 11:47:57,073 [INFO] ApiDb:250 - Set database path to: C:\Users\TEMP.DESKTOP-EVM2VJ6.000\.stmcufinder\plugins\mcufinder//mcu/
2025-12-29 11:47:57,074 [INFO] DbMcusAds:125 - Set database path to: C:\Users\TEMP.DESKTOP-EVM2VJ6.000\.stmcufinder\plugins\mcufinder//mcu/
2025-12-29 11:47:57,076 [INFO] CrossReferenceDbSqlite:203 - Set database path to: C:\Users\TEMP.DESKTOP-EVM2VJ6.000\.stmcufinder\plugins\mcufinder//mcu/cs/
2025-12-29 11:47:57,184 [INFO] RulesReader:64 - Compatibility file has been processed (317 Rules)
2025-12-29 11:47:57,252 [INFO] DbMcusXml:78 - Set database path to: C:\ST\STM32CubeIDE_1.19.0\STM32CubeIDE\plugins\com.st.stm32cube.common.mx_6.15.0.202507011659\\db\/mcu/
2025-12-29 11:47:57,254 [INFO] ApiDb:274 - Set plugin database path to: C:\ST\STM32CubeIDE_1.19.0\STM32CubeIDE\plugins\com.st.stm32cube.common.mx_6.15.0.202507011659\\db\/plugins/boardmanager/
2025-12-29 11:47:57,254 [INFO] ApiDb:261 - Set plugin images path to: C:\ST\STM32CubeIDE_1.19.0\STM32CubeIDE\plugins\com.st.stm32cube.common.mx_6.15.0.202507011659\\db\/plugins/mcufinder/images/
2025-12-29 11:47:57,254 [WARN] DbFile:41 - Overriding database path with different value: C:\Users\TEMP.DESKTOP-EVM2VJ6.000\.stmcufinder\plugins\mcufinder/ => C:\Users\TEMP.DESKTOP-EVM2VJ6.000\.stmcufinder\plugins\mcufinder
2025-12-29 11:47:57,254 [INFO] ApiDb:250 - Set database path to: C:\Users\TEMP.DESKTOP-EVM2VJ6.000\.stmcufinder\plugins\mcufinder//mcu/
2025-12-29 11:47:57,254 [WARN] DbFile:41 - Overriding database path with different value: C:\Users\TEMP.DESKTOP-EVM2VJ6.000\.stmcufinder\plugins\mcufinder/ => C:\Users\TEMP.DESKTOP-EVM2VJ6.000\.stmcufinder\plugins\mcufinder
2025-12-29 11:47:57,254 [INFO] DbMcusAds:125 - Set database path to: C:\Users\TEMP.DESKTOP-EVM2VJ6.000\.stmcufinder\plugins\mcufinder//mcu/
2025-12-29 11:47:57,254 [WARN] DbFile:41 - Overriding database path with different value: C:\Users\TEMP.DESKTOP-EVM2VJ6.000\.stmcufinder\plugins\mcufinder/ => C:\Users\TEMP.DESKTOP-EVM2VJ6.000\.stmcufinder\plugins\mcufinder
2025-12-29 11:47:57,254 [WARN] DbFile:41 - Overriding database path with different value: C:\Users\TEMP.DESKTOP-EVM2VJ6.000\.stmcufinder\plugins\mcufinder/ => C:\Users\TEMP.DESKTOP-EVM2VJ6.000\.stmcufinder\plugins\mcufinder
2025-12-29 11:47:57,254 [INFO] CrossReferenceDbSqlite:203 - Set database path to: C:\Users\TEMP.DESKTOP-EVM2VJ6.000\.stmcufinder\plugins\mcufinder//mcu/cs/
2025-12-29 11:47:57,293 [INFO] MainPanel:274 - HeapMemory: 268435456
2025-12-29 11:47:57,342 [INFO] DbMcusXml:78 - Set database path to: C:\ST\STM32CubeIDE_1.19.0\STM32CubeIDE\plugins\com.st.stm32cube.common.mx_6.15.0.202507011659\\db\/mcu/
2025-12-29 11:47:57,342 [INFO] ApiDb:274 - Set plugin database path to: C:\ST\STM32CubeIDE_1.19.0\STM32CubeIDE\plugins\com.st.stm32cube.common.mx_6.15.0.202507011659\\db\/plugins/boardmanager/
2025-12-29 11:47:57,342 [INFO] ApiDb:261 - Set plugin images path to: C:\ST\STM32CubeIDE_1.19.0\STM32CubeIDE\plugins\com.st.stm32cube.common.mx_6.15.0.202507011659\\db\/plugins/mcufinder/images/
2025-12-29 11:47:57,343 [WARN] DbFile:41 - Overriding database path with different value: C:\Users\TEMP.DESKTOP-EVM2VJ6.000\.stmcufinder\plugins\mcufinder/ => C:\Users\TEMP.DESKTOP-EVM2VJ6.000\.stmcufinder\plugins\mcufinder
2025-12-29 11:47:57,343 [INFO] ApiDb:250 - Set database path to: C:\Users\TEMP.DESKTOP-EVM2VJ6.000\.stmcufinder\plugins\mcufinder//mcu/
2025-12-29 11:47:57,343 [WARN] DbFile:41 - Overriding database path with different value: C:\Users\TEMP.DESKTOP-EVM2VJ6.000\.stmcufinder\plugins\mcufinder/ => C:\Users\TEMP.DESKTOP-EVM2VJ6.000\.stmcufinder\plugins\mcufinder
2025-12-29 11:47:57,343 [INFO] DbMcusAds:125 - Set database path to: C:\Users\TEMP.DESKTOP-EVM2VJ6.000\.stmcufinder\plugins\mcufinder//mcu/
2025-12-29 11:47:57,343 [WARN] DbFile:41 - Overriding database path with different value: C:\Users\TEMP.DESKTOP-EVM2VJ6.000\.stmcufinder\plugins\mcufinder/ => C:\Users\TEMP.DESKTOP-EVM2VJ6.000\.stmcufinder\plugins\mcufinder
2025-12-29 11:47:57,343 [WARN] DbFile:41 - Overriding database path with different value: C:\Users\TEMP.DESKTOP-EVM2VJ6.000\.stmcufinder\plugins\mcufinder/ => C:\Users\TEMP.DESKTOP-EVM2VJ6.000\.stmcufinder\plugins\mcufinder
2025-12-29 11:47:57,343 [INFO] CrossReferenceDbSqlite:203 - Set database path to: C:\Users\TEMP.DESKTOP-EVM2VJ6.000\.stmcufinder\plugins\mcufinder//mcu/cs/
2025-12-29 11:47:57,351 [INFO] ApplicationProperties:184 - Using Application install path: C:\ST\STM32CubeIDE_1.19.0\STM32CubeIDE\plugins\com.st.stm32cube.common.mx_6.15.0.202507011659
2025-12-29 11:47:57,353 [INFO] PluginManage:196 - Search for loadable plugins [exclusion list=, ]
2025-12-29 11:47:57,353 [INFO] PluginManage:310 - Check plugin analytics
2025-12-29 11:47:57,480 [INFO] AnalyticsPlugin:253 - Accepted Software Licenses: 
2025-12-29 11:47:57,480 [INFO] AnalyticsPlugin:255 - Accepted CMSIS Pack Licenses: 
2025-12-29 11:47:57,480 [INFO] AnalyticsPlugin:257 - Accepted Firmware Licenses: 
2025-12-29 11:47:57,483 [INFO] PluginManage:359 - Loaded plugin analytics (category:tool,tabindex:-1)
2025-12-29 11:47:57,483 [INFO] PluginManage:310 - Check plugin cadmodel
2025-12-29 11:47:57,486 [INFO] CADModel:105 - Init CAD model plugin
2025-12-29 11:47:57,486 [INFO] PluginManage:359 - Loaded plugin cadmodel (category:power,tabindex:5)
2025-12-29 11:47:57,486 [INFO] PluginManage:310 - Check plugin clock
2025-12-29 11:47:57,491 [INFO] PluginManage:359 - Loaded plugin clock (category:base,tabindex:2)
2025-12-29 11:47:57,491 [INFO] PluginManage:310 - Check plugin ddr
2025-12-29 11:47:57,493 [INFO] PluginManage:359 - Loaded plugin ddr (category:tool,tabindex:6)
2025-12-29 11:47:57,493 [INFO] PluginManage:310 - Check plugin filemanager
2025-12-29 11:47:57,578 [INFO] PluginManage:359 - Loaded plugin filemanager (category:base,tabindex:10)
2025-12-29 11:47:57,580 [INFO] PluginManage:310 - Check plugin ipmanager
2025-12-29 11:47:57,585 [INFO] PluginManage:359 - Loaded plugin ipmanager (category:base,tabindex:5)
2025-12-29 11:47:57,585 [INFO] PluginManage:310 - Check plugin lpbam
2025-12-29 11:47:57,590 [INFO] PluginManage:359 - Loaded plugin lpbam (category:base,tabindex:0)
2025-12-29 11:47:57,590 [INFO] PluginManage:310 - Check plugin memorymap
2025-12-29 11:47:57,597 [INFO] PluginManage:359 - Loaded plugin memorymap (category:base,tabindex:4)
2025-12-29 11:47:57,597 [INFO] PluginManage:310 - Check plugin pinoutandconfiguration
2025-12-29 11:47:57,601 [INFO] PluginManage:359 - Loaded plugin pinoutandconfiguration (category:base,tabindex:1)
2025-12-29 11:47:57,601 [INFO] PluginManage:310 - Check plugin pinoutconfig
2025-12-29 11:47:57,648 [WARN] SupportedApi:132 - Cannot load RTOS API schema: s4s-elt-must-match.1: The content of 'definitions' must match (annotation?, (simpleType | complexType)?, (unique | key | keyref)*)). A problem was found starting at: attribute.
2025-12-29 11:47:57,720 [INFO] PluginManage:359 - Loaded plugin pinoutconfig (category:base,tabindex:0)
2025-12-29 11:47:57,720 [INFO] PluginManage:310 - Check plugin power
2025-12-29 11:47:57,724 [INFO] PluginManage:359 - Loaded plugin power (category:power,tabindex:4)
2025-12-29 11:47:57,724 [INFO] PluginManage:310 - Check plugin projectmanager
2025-12-29 11:47:57,735 [INFO] PluginManage:359 - Loaded plugin projectmanager (category:projectmanager,tabindex:4)
2025-12-29 11:47:57,735 [INFO] PluginManage:310 - Check plugin rif
2025-12-29 11:47:57,739 [INFO] PluginManage:359 - Loaded plugin rif (category:base,tabindex:3)
2025-12-29 11:47:57,739 [INFO] PluginManage:310 - Check plugin thirdparty
2025-12-29 11:47:57,824 [INFO] PluginManage:359 - Loaded plugin thirdparty (category:base,tabindex:-1)
2025-12-29 11:47:57,824 [WARN] IntegrityCheckThread:84 - waiting for thirdparty lock release [integrity check]
2025-12-29 11:47:57,824 [INFO] PluginManage:310 - Check plugin tools
2025-12-29 11:47:57,824 [INFO] IntegrityCheckThread:86 - entering critical section [integrity check]
2025-12-29 11:47:57,824 [INFO] ThirdPartyUpdaterWithRetryManager:70 - Updater plugin not ready yet. [1/15]
2025-12-29 11:47:57,826 [INFO] PluginManage:359 - Loaded plugin tools (category:base,tabindex:7)
2025-12-29 11:47:57,826 [INFO] PluginManage:310 - Check plugin tutovideos
2025-12-29 11:47:57,932 [INFO] PluginManage:359 - Loaded plugin tutovideos (category:base,tabindex:-1)
2025-12-29 11:47:57,932 [INFO] PluginManage:310 - Check plugin updater
2025-12-29 11:47:57,944 [INFO] PluginManage:359 - Loaded plugin updater (category:base,tabindex:12)
2025-12-29 11:47:57,944 [INFO] PluginManage:310 - Check plugin userauth
2025-12-29 11:47:57,946 [INFO] UserAuth:118 - Init User Auth plugin
2025-12-29 11:47:57,946 [INFO] PluginManage:359 - Loaded plugin userauth (category:base,tabindex:14)
2025-12-29 11:47:57,946 [INFO] PluginManage:283 - PluginManage : Loaded plugins [18]
2025-12-29 11:47:58,072 [INFO] PinOutPanel:1589 - setPackage(No Configuration,No Configuration)
2025-12-29 11:47:58,124 [INFO] CADModel:165 - CPN selected for project level
2025-12-29 11:47:58,124 [INFO] CADModel:114 - Register for checkConnection events
2025-12-29 11:47:58,135 [INFO] IPUIPlugin:80 - create IPUIPlugin
2025-12-29 11:47:58,135 [INFO] PluginManager:220 - loadIPPluginJar : add adc
2025-12-29 11:47:58,137 [INFO] IPUIPlugin:80 - create IPUIPlugin
2025-12-29 11:47:58,137 [INFO] PluginManager:220 - loadIPPluginJar : add aes
2025-12-29 11:47:58,138 [INFO] IPUIPlugin:80 - create IPUIPlugin
2025-12-29 11:47:58,138 [INFO] PluginManager:220 - loadIPPluginJar : add can
2025-12-29 11:47:58,139 [INFO] IPUIPlugin:80 - create IPUIPlugin
2025-12-29 11:47:58,139 [INFO] PluginManager:220 - loadIPPluginJar : add comp
2025-12-29 11:47:58,140 [INFO] IPUIPlugin:80 - create IPUIPlugin
2025-12-29 11:47:58,141 [INFO] PluginManager:220 - loadIPPluginJar : add cryp
2025-12-29 11:47:58,143 [INFO] IPUIPlugin:80 - create IPUIPlugin
2025-12-29 11:47:58,143 [INFO] PluginManager:220 - loadIPPluginJar : add ddr_ctrl_phy
2025-12-29 11:47:58,144 [INFO] IPUIPlugin:80 - create IPUIPlugin
2025-12-29 11:47:58,144 [INFO] PluginManager:220 - loadIPPluginJar : add dfsdm
2025-12-29 11:47:58,146 [INFO] IPUIPlugin:80 - create IPUIPlugin
2025-12-29 11:47:58,146 [INFO] PluginManager:220 - loadIPPluginJar : add dma
2025-12-29 11:47:58,149 [INFO] IPUIPlugin:80 - create IPUIPlugin
2025-12-29 11:47:58,149 [INFO] PluginManager:220 - loadIPPluginJar : add dma3
2025-12-29 11:47:58,150 [INFO] IPUIPlugin:80 - create IPUIPlugin
2025-12-29 11:47:58,150 [INFO] PluginManager:220 - loadIPPluginJar : add extmemmanager
2025-12-29 11:47:58,151 [INFO] IPUIPlugin:80 - create IPUIPlugin
2025-12-29 11:47:58,151 [INFO] PluginManager:220 - loadIPPluginJar : add fatfs
2025-12-29 11:47:58,154 [INFO] IPUIPlugin:80 - create IPUIPlugin
2025-12-29 11:47:58,154 [INFO] PluginManager:220 - loadIPPluginJar : add fmc
2025-12-29 11:47:58,158 [INFO] IPUIPlugin:80 - create IPUIPlugin
2025-12-29 11:47:58,158 [INFO] PluginManager:220 - loadIPPluginJar : add freertos
2025-12-29 11:47:58,160 [INFO] IPUIPlugin:80 - create IPUIPlugin
2025-12-29 11:47:58,160 [INFO] PluginManager:220 - loadIPPluginJar : add genericplugin
2025-12-29 11:47:58,162 [INFO] IPUIPlugin:80 - create IPUIPlugin
2025-12-29 11:47:58,162 [INFO] PluginManager:220 - loadIPPluginJar : add gfxmmu
2025-12-29 11:47:58,164 [INFO] IPUIPlugin:80 - create IPUIPlugin
2025-12-29 11:47:58,164 [INFO] PluginManager:220 - loadIPPluginJar : add gic
2025-12-29 11:47:58,166 [INFO] IPUIPlugin:80 - create IPUIPlugin
2025-12-29 11:47:58,166 [INFO] PluginManager:220 - loadIPPluginJar : add gpio
2025-12-29 11:47:58,168 [INFO] IPUIPlugin:80 - create IPUIPlugin
2025-12-29 11:47:58,168 [INFO] PluginManager:220 - loadIPPluginJar : add gtzc
2025-12-29 11:47:58,169 [INFO] IPUIPlugin:80 - create IPUIPlugin
2025-12-29 11:47:58,169 [INFO] PluginManager:220 - loadIPPluginJar : add hash
2025-12-29 11:47:58,171 [INFO] IPUIPlugin:80 - create IPUIPlugin
2025-12-29 11:47:58,171 [INFO] PluginManager:220 - loadIPPluginJar : add i2c
2025-12-29 11:47:58,172 [INFO] IPUIPlugin:80 - create IPUIPlugin
2025-12-29 11:47:58,172 [INFO] PluginManager:220 - loadIPPluginJar : add i2s
2025-12-29 11:47:58,174 [INFO] IPUIPlugin:80 - create IPUIPlugin
2025-12-29 11:47:58,174 [INFO] PluginManager:220 - loadIPPluginJar : add i3c
2025-12-29 11:47:58,176 [INFO] IPUIPlugin:80 - create IPUIPlugin
2025-12-29 11:47:58,176 [INFO] PluginManager:220 - loadIPPluginJar : add ipddr
2025-12-29 11:47:58,180 [INFO] IPUIPlugin:80 - create IPUIPlugin
2025-12-29 11:47:58,180 [INFO] PluginManager:220 - loadIPPluginJar : add linkedlist
2025-12-29 11:47:58,182 [INFO] IPUIPlugin:80 - create IPUIPlugin
2025-12-29 11:47:58,182 [INFO] PluginManager:220 - loadIPPluginJar : add lorawan
2025-12-29 11:47:58,182 [INFO] IPUIPlugin:80 - create IPUIPlugin
2025-12-29 11:47:58,182 [INFO] PluginManager:220 - loadIPPluginJar : add ltdc
2025-12-29 11:47:58,185 [INFO] IPUIPlugin:80 - create IPUIPlugin
2025-12-29 11:47:58,185 [INFO] PluginManager:220 - loadIPPluginJar : add mdma
2025-12-29 11:47:58,187 [INFO] IPUIPlugin:80 - create IPUIPlugin
2025-12-29 11:47:58,187 [INFO] PluginManager:220 - loadIPPluginJar : add nvic
2025-12-29 11:47:58,189 [INFO] IPUIPlugin:80 - create IPUIPlugin
2025-12-29 11:47:58,189 [INFO] PluginManager:220 - loadIPPluginJar : add opamp
2025-12-29 11:47:58,190 [INFO] IPUIPlugin:80 - create IPUIPlugin
2025-12-29 11:47:58,191 [INFO] PluginManager:220 - loadIPPluginJar : add openamp
2025-12-29 11:47:58,192 [INFO] IPUIPlugin:80 - create IPUIPlugin
2025-12-29 11:47:58,192 [INFO] PluginManager:220 - loadIPPluginJar : add pdm2pcm
2025-12-29 11:47:58,195 [INFO] IPUIPlugin:80 - create IPUIPlugin
2025-12-29 11:47:58,197 [INFO] PluginManager:220 - loadIPPluginJar : add plateformsettings
2025-12-29 11:47:58,198 [INFO] IPUIPlugin:80 - create IPUIPlugin
2025-12-29 11:47:58,198 [INFO] PluginManager:220 - loadIPPluginJar : add quadspi
2025-12-29 11:47:58,198 [INFO] IPUIPlugin:80 - create IPUIPlugin
2025-12-29 11:47:58,200 [INFO] PluginManager:220 - loadIPPluginJar : add radio
2025-12-29 11:47:58,201 [INFO] IPUIPlugin:80 - create IPUIPlugin
2025-12-29 11:47:58,201 [INFO] PluginManager:220 - loadIPPluginJar : add resmgrutility
2025-12-29 11:47:58,202 [INFO] IPUIPlugin:80 - create IPUIPlugin
2025-12-29 11:47:58,202 [INFO] PluginManager:220 - loadIPPluginJar : add sai
2025-12-29 11:47:58,203 [INFO] IPUIPlugin:80 - create IPUIPlugin
2025-12-29 11:47:58,203 [INFO] PluginManager:220 - loadIPPluginJar : add spi
2025-12-29 11:47:58,206 [INFO] IPUIPlugin:80 - create IPUIPlugin
2025-12-29 11:47:58,206 [INFO] PluginManager:220 - loadIPPluginJar : add stm32_wpan
2025-12-29 11:47:58,207 [INFO] IPUIPlugin:80 - create IPUIPlugin
2025-12-29 11:47:58,207 [INFO] PluginManager:220 - loadIPPluginJar : add tim
2025-12-29 11:47:58,208 [INFO] IPUIPlugin:80 - create IPUIPlugin
2025-12-29 11:47:58,210 [INFO] PluginManager:220 - loadIPPluginJar : add touchsensing
2025-12-29 11:47:58,210 [INFO] IPUIPlugin:80 - create IPUIPlugin
2025-12-29 11:47:58,210 [INFO] PluginManager:220 - loadIPPluginJar : add tracer_emb
2025-12-29 11:47:58,211 [INFO] IPUIPlugin:80 - create IPUIPlugin
2025-12-29 11:47:58,212 [INFO] PluginManager:220 - loadIPPluginJar : add ts
2025-12-29 11:47:58,213 [INFO] IPUIPlugin:80 - create IPUIPlugin
2025-12-29 11:47:58,213 [INFO] PluginManager:220 - loadIPPluginJar : add tsc
2025-12-29 11:47:58,214 [INFO] IPUIPlugin:80 - create IPUIPlugin
2025-12-29 11:47:58,214 [INFO] PluginManager:220 - loadIPPluginJar : add ucpd
2025-12-29 11:47:58,216 [INFO] IPUIPlugin:80 - create IPUIPlugin
2025-12-29 11:47:58,216 [INFO] PluginManager:220 - loadIPPluginJar : add usart
2025-12-29 11:47:58,217 [INFO] IPUIPlugin:80 - create IPUIPlugin
2025-12-29 11:47:58,218 [INFO] PluginManager:220 - loadIPPluginJar : add usbx
2025-12-29 11:47:58,325 [FATAL] Updater:351 - Updater called before beeing initialized
2025-12-29 11:47:58,349 [INFO] RulesReader:64 - Compatibility file has been processed (317 Rules)
2025-12-29 11:47:58,363 [INFO] RulesReader:64 - Compatibility file has been processed (317 Rules)
2025-12-29 11:47:58,370 [INFO] CADModel:165 - CPN selected for project level
2025-12-29 11:47:58,371 [INFO] CADModel:114 - Register for checkConnection events
2025-12-29 11:47:58,371 [FATAL] Updater:351 - Updater called before beeing initialized
2025-12-29 11:47:58,371 [ERROR] CADModel:125 - Updater not yet initialized, retry later 
2025-12-29 11:47:58,458 [FATAL] Updater:351 - Updater called before beeing initialized
2025-12-29 11:47:58,459 [INFO] CADModel:165 - CPN selected for project level
2025-12-29 11:47:58,459 [INFO] CADModel:114 - Register for checkConnection events
2025-12-29 11:47:58,459 [FATAL] Updater:351 - Updater called before beeing initialized
2025-12-29 11:47:58,459 [ERROR] CADModel:125 - Updater not yet initialized, retry later 
2025-12-29 11:47:58,460 [FATAL] Updater:351 - Updater called before beeing initialized
2025-12-29 11:47:58,523 [FATAL] Updater:351 - Updater called before beeing initialized
2025-12-29 11:47:58,525 [INFO] DbMcusAds:53 - JSON generation date=Tue Jul 08 17:14:23 KST 2025 (1751962463562)
2025-12-29 11:47:58,526 [FATAL] Updater:351 - Updater called before beeing initialized
2025-12-29 11:47:58,546 [WARN] DetailPanel:346 - Failed to get advertising image, set to default
2025-12-29 11:47:58,601 [FATAL] Updater:351 - Updater called before beeing initialized
2025-12-29 11:47:58,602 [FATAL] Updater:351 - Updater called before beeing initialized
2025-12-29 11:47:58,602 [FATAL] Updater:351 - Updater called before beeing initialized
2025-12-29 11:47:58,603 [WARN] DetailPanel:346 - Failed to get advertising image, set to default
2025-12-29 11:47:58,603 [FATAL] Updater:351 - Updater called before beeing initialized
2025-12-29 11:47:58,630 [ERROR] Updater:1198 - MainUpdater not yet initialized. External WinMGr cannot be set.
2025-12-29 11:47:58,631 [INFO] Updater:1134 - Updater Version found : 6.15.0
2025-12-29 11:47:58,640 [INFO] ApplicationProperties:184 - Using Application install path: C:\ST\STM32CubeIDE_1.19.0\STM32CubeIDE\plugins\com.st.stm32cube.common.mx_6.15.0.202507011659
2025-12-29 11:48:00,206 [ERROR] LogOutputStream:75 - [STDERR_REDIRECT] Dec 29, 2025 11:48:00 AM java.util.prefs.WindowsPreferences <init>
2025-12-29 11:48:00,207 [ERROR] LogOutputStream:75 - [STDERR_REDIRECT] WARNING: Could not open/create prefs root node Software\JavaSoft\Prefs at root 0xffffffff80000002. Windows RegCreateKeyEx(...) returned error code 5.
2025-12-29 11:48:00,207 [ERROR] LogOutputStream:75 - [STDERR_REDIRECT] 
2025-12-29 11:48:00,522 [INFO] MainUpdater:2872 - connection check result : 10
2025-12-29 11:48:00,522 [INFO] MainUpdater:3604 - Updater definition file requires update
2025-12-29 11:48:00,522 [INFO] MainUpdater:289 - Updater Check For Update Now.
2025-12-29 11:48:00,523 [INFO] MicroXplorer:498 - Change Database Version : DB.6.0.150
2025-12-29 11:48:00,527 [INFO] McuFinderGlobals:63 - Set McuFinder mode to 2 (CubeIDE integrated)
2025-12-29 11:48:00,527 [INFO] UserAuth:487 - Internet connection configuration mode: 1
2025-12-29 11:48:00,534 [INFO] JxBrowserEngine:152 - Initiate JxBrowser Engine with user profile folder
2025-12-29 11:48:00,709 [INFO] ServerAccessManage:452 - Complete download http(s) 200
2025-12-29 11:48:00,710 [INFO] ServerAccessManage:509 - Download File updaters.zip
2025-12-29 11:48:00,825 [WARN] MainUpdater:1193 - Updater busy. Cannot search thirdparties
2025-12-29 11:48:00,825 [INFO] ThirdPartyUpdaterWithRetryManager:96 - Updater plugin is busy. [1/15]
2025-12-29 11:48:00,834 [INFO] FileExtend:248 - Unzip File : updaters.zip
2025-12-29 11:48:00,834 [INFO] FileExtend:263 - Standard Zip Deflate
2025-12-29 11:48:00,919 [INFO] WebApp:169 - Instantiating new browser for Auth
2025-12-29 11:48:01,077 [INFO] ServerAccessManage:452 - Complete download http(s) 200
2025-12-29 11:48:01,077 [INFO] ServerAccessManage:509 - Download File PacksControlFlags.xml
2025-12-29 11:48:01,141 [INFO] ServerAccessManage:452 - Complete download http(s) 200
2025-12-29 11:48:01,141 [INFO] ServerAccessManage:509 - Download File cubemx.pidx
2025-12-29 11:48:01,197 [INFO] LoadServerUpdatesThread:375 - End of LoadServerUpdate Thread
2025-12-29 11:48:01,340 [INFO] CheckServerUpdateThread:120 - End of CheckServer Thread
2025-12-29 11:48:01,500 [INFO] WebApp:463 - Apply proxy settings
2025-12-29 11:48:01,500 [INFO] WebApp:548 - Chromium requires no authentication
2025-12-29 11:48:01,506 [INFO] WebApp:491 - Direct internet connection detected
2025-12-29 11:48:01,526 [INFO] WebApp:900 - Register for checkConnection events
2025-12-29 11:48:01,527 [INFO] WebApp:463 - Apply proxy settings
2025-12-29 11:48:01,527 [INFO] WebApp:548 - Chromium requires no authentication
2025-12-29 11:48:01,527 [INFO] WebApp:491 - Direct internet connection detected
2025-12-29 11:48:01,618 [INFO] WebApp:225 - Starting web application
2025-12-29 11:48:01,618 [INFO] WebApp:593 - Web application path used C:\ST\STM32CubeIDE_1.19.0\STM32CubeIDE\plugins\com.st.stm32cube.common.mx_6.15.0.202507011659\db\plugins\mcufinder\reactClient1\index.html
2025-12-29 11:48:01,669 [INFO] UserAuth:487 - Internet connection configuration mode: 1
2025-12-29 11:48:01,812 [INFO] WebApp:191 - Connection restablished
2025-12-29 11:48:03,987 [WARN] PackLoader:240 - Cannot read IP mode file for STMicroelectronics.FP-SNS-MOTENVWB1.1.4.0
2025-12-29 11:48:03,992 [WARN] PackLoader:240 - Cannot read IP mode file for STMicroelectronics.FP-ATR-ASTRA1.2.0.2
2025-12-29 11:48:03,996 [WARN] PackLoader:240 - Cannot read IP mode file for STMicroelectronics.X-CUBE-SMBUS.2.1.0
2025-12-29 11:48:03,999 [WARN] PackLoader:240 - Cannot read IP mode file for STMicroelectronics.X-CUBE-ST60.1.0.0
2025-12-29 11:48:04,013 [WARN] PackLoader:240 - Cannot read IP mode file for STMicroelectronics.X-CUBE-AZRTOS-F7.1.1.0
2025-12-29 11:48:04,032 [WARN] PackLoader:240 - Cannot read IP mode file for Infineon.AIROC-Wi-Fi-Bluetooth-STM32.1.7.1
2025-12-29 11:48:04,048 [WARN] PackLoader:240 - Cannot read IP mode file for STMicroelectronics.X-CUBE-AZRTOS-H7.3.4.0
2025-12-29 11:48:04,054 [WARN] PackLoader:240 - Cannot read IP mode file for STMicroelectronics.X-CUBE-DISPLAY.3.0.0
2025-12-29 11:48:04,062 [WARN] PackLoader:240 - Cannot read IP mode file for STMicroelectronics.X-CUBE-NFC10.1.0.0
2025-12-29 11:48:04,068 [WARN] PackLoader:240 - Cannot read IP mode file for emotas.I-CUBE-CANOPEN.1.3.0
2025-12-29 11:48:04,073 [WARN] PackLoader:240 - Cannot read IP mode file for STMicroelectronics.FP-SNS-SMARTAG2.1.2.0
2025-12-29 11:48:04,076 [WARN] PackLoader:240 - Cannot read IP mode file for STMicroelectronics.FP-SNS-FLIGHT1.5.1.0
2025-12-29 11:48:04,082 [INFO] LogOutputStream:77 - [STDOUT_REDIRECT] 1 : Invalid condition id : UX_CORESTACK_Condition cause : null
2025-12-29 11:48:04,083 [INFO] LogOutputStream:77 - [STDOUT_REDIRECT] 1 : Invalid condition id : UX_CORESTACK_Condition cause : null
2025-12-29 11:48:04,083 [INFO] LogOutputStream:77 - [STDOUT_REDIRECT] 1 : Invalid condition id : UX_CORESTACK_Condition cause : null
2025-12-29 11:48:04,084 [INFO] LogOutputStream:77 - [STDOUT_REDIRECT] 1 : Invalid condition id : UX_CORESTACK_Condition cause : null
2025-12-29 11:48:04,084 [INFO] LogOutputStream:77 - [STDOUT_REDIRECT] 1 : Invalid condition id : UX_CORESTACK_Condition cause : null
2025-12-29 11:48:04,086 [WARN] PackLoader:240 - Cannot read IP mode file for STMicroelectronics.X-CUBE-AZRTOS-WL.2.0.0
2025-12-29 11:48:04,089 [WARN] PackLoader:240 - Cannot read IP mode file for STMicroelectronics.FP-SNS-MOTENV1.5.0.0
2025-12-29 11:48:04,095 [WARN] PackLoader:240 - Cannot read IP mode file for WES.I-CUBE-Cesium.1.3.0
2025-12-29 11:48:04,099 [WARN] PackLoader:240 - Cannot read IP mode file for STMicroelectronics.X-CUBE-BLE2.3.3.0
2025-12-29 11:48:04,102 [WARN] PackLoader:240 - Cannot read IP mode file for STMicroelectronics.X-CUBE-NFC9.1.0.0
2025-12-29 11:48:04,108 [WARN] PackLoader:240 - Cannot read IP mode file for wolfSSL.I-CUBE-wolfSSL.5.8.0
2025-12-29 11:48:04,113 [WARN] PackLoader:240 - Cannot read IP mode file for STMicroelectronics.X-CUBE-BLE1.7.1.0
2025-12-29 11:48:04,115 [WARN] PackLoader:240 - Cannot read IP mode file for wolfSSL.I-CUBE-wolfMQTT.1.19.2
2025-12-29 11:48:04,118 [WARN] PackLoader:240 - Cannot read IP mode file for STMicroelectronics.X-CUBE-EEPRMA1.5.2.0
2025-12-29 11:48:04,123 [WARN] PackLoader:240 - Cannot read IP mode file for STMicroelectronics.X-CUBE-AI.10.1.0
2025-12-29 11:48:04,131 [WARN] PackLoader:240 - Cannot read IP mode file for STMicroelectronics.X-CUBE-AZRTOS-G0.1.1.0
2025-12-29 11:48:04,136 [WARN] PackLoader:240 - Cannot read IP mode file for STMicroelectronics.X-CUBE-SAFEA1.1.2.2
2025-12-29 11:48:04,141 [WARN] PackLoader:240 - Cannot read IP mode file for STMicroelectronics.X-CUBE-NFC4.3.0.0
2025-12-29 11:48:04,146 [WARN] PackLoader:240 - Cannot read IP mode file for EmbeddedOffice.I-CUBE-FS-RTOS.1.0.1
2025-12-29 11:48:04,151 [WARN] PackLoader:240 - Cannot read IP mode file for STMicroelectronics.X-CUBE-WB05N.2.0.0
2025-12-29 11:48:04,154 [WARN] PackLoader:240 - Cannot read IP mode file for wolfSSL.I-CUBE-wolfTPM.3.8.0
2025-12-29 11:48:04,159 [WARN] PackLoader:240 - Cannot read IP mode file for STMicroelectronics.X-CUBE-TCPP.4.2.0
2025-12-29 11:48:04,163 [WARN] PackLoader:240 - Cannot read IP mode file for RealThread.X-CUBE-RT-Thread_Nano.4.1.1
2025-12-29 11:48:04,166 [WARN] PackLoader:240 - Cannot read IP mode file for STMicroelectronics.FP-ATR-SIGFOX1.3.2.0
2025-12-29 11:48:04,170 [WARN] PackLoader:240 - Cannot read IP mode file for ITTIA_DB.I-CUBE-ITTIADB.8.9.0
2025-12-29 11:48:04,174 [WARN] PackLoader:240 - Cannot read IP mode file for STMicroelectronics.X-CUBE-ST67W61.1.0.0
2025-12-29 11:48:04,189 [WARN] PackLoader:240 - Cannot read IP mode file for SEGGER.I-CUBE-embOS.1.3.1
2025-12-29 11:48:04,210 [WARN] PackLoader:240 - Cannot read IP mode file for STMicroelectronics.X-CUBE-ALGOBUILD.1.4.0
2025-12-29 11:48:04,233 [WARN] PackLoader:240 - Cannot read IP mode file for STMicroelectronics.X-CUBE-MEMS1.11.3.0
2025-12-29 11:48:04,305 [WARN] PackLoader:240 - Cannot read IP mode file for STMicroelectronics.X-CUBE-PM33A1.1.0.0
2025-12-29 11:48:04,313 [WARN] PackLoader:240 - Cannot read IP mode file for STMicroelectronics.X-CUBE-AZRTOS-F4.1.1.0
2025-12-29 11:48:04,316 [WARN] PackLoader:240 - Cannot read IP mode file for Avnet-IotConnect.X-CUBE-IoTC-DA16k-PMOD.1.0.0
2025-12-29 11:48:04,318 [WARN] PackLoader:240 - Cannot read IP mode file for STMicroelectronics.X-CUBE-ISPU.2.1.0
2025-12-29 11:48:04,321 [WARN] PackLoader:240 - Cannot read IP mode file for STMicroelectronics.X-CUBE-NFC12.1.0.0
2025-12-29 11:48:04,333 [WARN] PackLoader:240 - Cannot read IP mode file for STMicroelectronics.X-CUBE-AZRTOS-L5.2.0.0
2025-12-29 11:48:04,339 [WARN] PackLoader:240 - Cannot read IP mode file for STMicroelectronics.X-CUBE-NFC6.3.1.0
2025-12-29 11:48:04,343 [WARN] PackLoader:240 - Cannot read IP mode file for STMicroelectronics.X-CUBE-FREERTOS.1.3.1
2025-12-29 11:48:04,346 [WARN] PackLoader:240 - Cannot read IP mode file for STMicroelectronics.FP-SNS-STAIOTCFT.1.0.0
2025-12-29 11:48:04,349 [WARN] PackLoader:240 - Cannot read IP mode file for STMicroelectronics.X-CUBE-DPower.1.3.0
2025-12-29 11:48:04,357 [WARN] ConditionMgr:438 - getConditionDescription Invalid condition id : LAN8742 Phy interface Condition cause : null
2025-12-29 11:48:04,357 [WARN] PackLoader:240 - Cannot read IP mode file for STMicroelectronics.X-CUBE-AZRTOS-L4.2.0.0
2025-12-29 11:48:04,358 [WARN] ConditionMgr:1044 - genDependencies : Invalid condition id : LAN8742 Phy interface Condition cause : null
2025-12-29 11:48:04,358 [WARN] ConditionMgr:1044 - genDependencies : Invalid condition id : LAN8742 Phy interface Condition cause : null
2025-12-29 11:48:04,358 [WARN] ConditionMgr:1044 - genDependencies : Invalid condition id : LAN8742 Phy interface Condition cause : null
2025-12-29 11:48:04,363 [WARN] PackLoader:240 - Cannot read IP mode file for STMicroelectronics.X-CUBE-SFXS2LP1.4.0.0
2025-12-29 11:48:04,368 [WARN] PackLoader:240 - Cannot read IP mode file for STMicroelectronics.X-CUBE-BLEMGR.4.1.0
2025-12-29 11:48:04,375 [WARN] ConditionMgr:438 - getConditionDescription Invalid condition id : UX DEVICE CLASS RTOS Condition cause : null
2025-12-29 11:48:04,375 [WARN] ConditionMgr:438 - getConditionDescription Invalid condition id : UX DEVICE CLASS RTOS Condition cause : null
2025-12-29 11:48:04,376 [WARN] PackLoader:240 - Cannot read IP mode file for STMicroelectronics.X-CUBE-AZRTOS-WB.2.0.0
2025-12-29 11:48:04,376 [WARN] ConditionMgr:1044 - genDependencies : Invalid condition id : UX DEVICE CLASS RTOS Condition cause : null
2025-12-29 11:48:04,376 [WARN] ConditionMgr:1044 - genDependencies : Invalid condition id : UX DEVICE CLASS RTOS Condition cause : null
2025-12-29 11:48:04,376 [WARN] ConditionMgr:1044 - genDependencies : Invalid condition id : UX DEVICE CLASS RTOS Condition cause : null
2025-12-29 11:48:04,376 [WARN] ConditionMgr:1044 - genDependencies : Invalid condition id : UX DEVICE CLASS RTOS Condition cause : null
2025-12-29 11:48:04,376 [WARN] ConditionMgr:1044 - genDependencies : Invalid condition id : UX DEVICE CLASS RTOS Condition cause : null
2025-12-29 11:48:04,380 [WARN] PackLoader:240 - Cannot read IP mode file for STMicroelectronics.X-CUBE-GNSS1.7.0.1
2025-12-29 11:48:04,386 [WARN] PackLoader:240 - Cannot read IP mode file for STMicroelectronics.X-CUBE-TOUCHGFX.4.25.0
2025-12-29 11:48:04,389 [WARN] PackLoader:240 - Cannot read IP mode file for STMicroelectronics.FP-SNS-STBOX1.2.0.0
2025-12-29 11:48:04,393 [WARN] ConditionMgr:438 - getConditionDescription Invalid condition id : Cortex-A Device cause : null
2025-12-29 11:48:04,406 [WARN] ConditionMgr:1044 - genDependencies : Invalid condition id : Cortex-A Device cause : null
2025-12-29 11:48:04,406 [WARN] ConditionMgr:1044 - genDependencies : Invalid condition id : Cortex-A Device cause : null
2025-12-29 11:48:04,406 [WARN] ConditionMgr:1044 - genDependencies : Invalid condition id : Cortex-A Device cause : null
2025-12-29 11:48:04,411 [WARN] PackLoader:240 - Cannot read IP mode file for STMicroelectronics.X-CUBE-SUBG2.5.0.0
2025-12-29 11:48:04,423 [WARN] PackLoader:240 - Cannot read IP mode file for STMicroelectronics.X-CUBE-AZRTOS-H7RS.1.1.0
2025-12-29 11:48:04,429 [WARN] PackLoader:240 - Cannot read IP mode file for Cesanta.I-CUBE-Mongoose.7.13.0
2025-12-29 11:48:04,436 [WARN] PackLoader:240 - Cannot read IP mode file for STMicroelectronics.X-CUBE-AZRTOS-G4.2.0.0
2025-12-29 11:48:04,441 [WARN] PackLoader:240 - Cannot read IP mode file for wolfSSL.I-CUBE-wolfSSH.1.4.20
2025-12-29 11:48:04,446 [WARN] PackLoader:240 - Cannot read IP mode file for STMicroelectronics.X-CUBE-NFC7.2.0.0
2025-12-29 11:48:04,453 [WARN] PackLoader:240 - Cannot read IP mode file for STMicroelectronics.X-CUBE-IPS.3.1.0
2025-12-29 11:48:04,459 [WARN] PackLoader:240 - Cannot read IP mode file for STMicroelectronics.X-CUBE-ALS.1.0.2
2025-12-29 11:48:04,464 [WARN] PackLoader:240 - Cannot read IP mode file for portGmbH.I-Cube-SoM-uGOAL.1.1.0
2025-12-29 11:48:04,471 [WARN] PackLoader:240 - Cannot read IP mode file for STMicroelectronics.X-CUBE-TOF1.3.4.3
2025-12-29 11:48:04,477 [INFO] ThirdParty:978 - Integrity check success = true
2025-12-29 11:48:04,477 [INFO] IntegrityCheckThread:100 - exiting critical section [integrity check]
2025-12-29 11:48:04,478 [INFO] IntegrityCheckThread:103 - End integrity checks thread
2025-12-29 11:48:14,062 [ERROR] LogOutputStream:75 - [STDERR_REDIRECT] 
