2025-08-04 15:41:54,651 [INFO] Activator:176 - 


2025-08-04 15:41:54,651 [INFO] Activator:177 - !SESSION log4j initialized
2025-08-04 15:41:55,736 [INFO] LogOutputStream:77 - [STDOUT_REDIRECT] 
2025-08-04 15:41:56,093 [ERROR] ConfigurationRetriever:142 - IOException on connection: sw-center.st.com
2025-08-04 15:41:56,094 [ERROR] ConfigurationRetriever:142 - IOException on connection: sw-center.st.com
2025-08-04 15:41:56,095 [ERROR] ConfigurationRetriever:142 - IOException on connection: sw-center.st.com
2025-08-04 15:41:58,258 [INFO] ApplicationProperties:184 - Using Application install path: C:\ST\STM32CubeIDE_1.19.0\STM32CubeIDE\plugins\com.st.stm32cube.common.mx_6.15.0.202507011659
2025-08-04 15:41:58,276 [INFO] DbMcusXml:78 - Set database path to: C:\ST\STM32CubeIDE_1.19.0\STM32CubeIDE\plugins\com.st.stm32cube.common.mx_6.15.0.202507011659\\db\/mcu/
2025-08-04 15:41:58,277 [INFO] ApiDb:274 - Set plugin database path to: C:\ST\STM32CubeIDE_1.19.0\STM32CubeIDE\plugins\com.st.stm32cube.common.mx_6.15.0.202507011659\\db\/plugins/boardmanager/
2025-08-04 15:41:58,277 [WARN] ApiDb:259 - Overriding images path with different value:  => C:\ST\STM32CubeIDE_1.19.0\STM32CubeIDE\plugins\com.st.stm32cube.common.mx_6.15.0.202507011659\\db\/plugins/mcufinder/images/
2025-08-04 15:41:58,294 [INFO] ApiDb:250 - Set database path to: C:\Users\young\.stmcufinder\plugins\mcufinder//mcu/
2025-08-04 15:41:58,295 [INFO] DbMcusAds:125 - Set database path to: C:\Users\young\.stmcufinder\plugins\mcufinder//mcu/
2025-08-04 15:41:58,298 [INFO] CrossReferenceDbSqlite:203 - Set database path to: C:\Users\young\.stmcufinder\plugins\mcufinder//mcu/cs/
2025-08-04 15:41:58,409 [INFO] RulesReader:64 - Compatibility file has been processed (317 Rules)
2025-08-04 15:41:58,482 [INFO] DbMcusXml:78 - Set database path to: C:\ST\STM32CubeIDE_1.19.0\STM32CubeIDE\plugins\com.st.stm32cube.common.mx_6.15.0.202507011659\\db\/mcu/
2025-08-04 15:41:58,482 [INFO] ApiDb:274 - Set plugin database path to: C:\ST\STM32CubeIDE_1.19.0\STM32CubeIDE\plugins\com.st.stm32cube.common.mx_6.15.0.202507011659\\db\/plugins/boardmanager/
2025-08-04 15:41:58,482 [INFO] ApiDb:261 - Set plugin images path to: C:\ST\STM32CubeIDE_1.19.0\STM32CubeIDE\plugins\com.st.stm32cube.common.mx_6.15.0.202507011659\\db\/plugins/mcufinder/images/
2025-08-04 15:41:58,482 [WARN] DbFile:41 - Overriding database path with different value: C:\Users\young\.stmcufinder\plugins\mcufinder/ => C:\Users\young\.stmcufinder\plugins\mcufinder
2025-08-04 15:41:58,482 [INFO] ApiDb:250 - Set database path to: C:\Users\young\.stmcufinder\plugins\mcufinder//mcu/
2025-08-04 15:41:58,482 [WARN] DbFile:41 - Overriding database path with different value: C:\Users\young\.stmcufinder\plugins\mcufinder/ => C:\Users\young\.stmcufinder\plugins\mcufinder
2025-08-04 15:41:58,482 [INFO] DbMcusAds:125 - Set database path to: C:\Users\young\.stmcufinder\plugins\mcufinder//mcu/
2025-08-04 15:41:58,482 [WARN] DbFile:41 - Overriding database path with different value: C:\Users\young\.stmcufinder\plugins\mcufinder/ => C:\Users\young\.stmcufinder\plugins\mcufinder
2025-08-04 15:41:58,483 [WARN] DbFile:41 - Overriding database path with different value: C:\Users\young\.stmcufinder\plugins\mcufinder/ => C:\Users\young\.stmcufinder\plugins\mcufinder
2025-08-04 15:41:58,483 [INFO] CrossReferenceDbSqlite:203 - Set database path to: C:\Users\young\.stmcufinder\plugins\mcufinder//mcu/cs/
2025-08-04 15:41:58,551 [INFO] MainPanel:274 - HeapMemory: 268435456
2025-08-04 15:41:58,650 [INFO] DbMcusXml:78 - Set database path to: C:\ST\STM32CubeIDE_1.19.0\STM32CubeIDE\plugins\com.st.stm32cube.common.mx_6.15.0.202507011659\\db\/mcu/
2025-08-04 15:41:58,650 [INFO] ApiDb:274 - Set plugin database path to: C:\ST\STM32CubeIDE_1.19.0\STM32CubeIDE\plugins\com.st.stm32cube.common.mx_6.15.0.202507011659\\db\/plugins/boardmanager/
2025-08-04 15:41:58,650 [INFO] ApiDb:261 - Set plugin images path to: C:\ST\STM32CubeIDE_1.19.0\STM32CubeIDE\plugins\com.st.stm32cube.common.mx_6.15.0.202507011659\\db\/plugins/mcufinder/images/
2025-08-04 15:41:58,651 [WARN] DbFile:41 - Overriding database path with different value: C:\Users\young\.stmcufinder\plugins\mcufinder/ => C:\Users\young\.stmcufinder\plugins\mcufinder
2025-08-04 15:41:58,651 [INFO] ApiDb:250 - Set database path to: C:\Users\young\.stmcufinder\plugins\mcufinder//mcu/
2025-08-04 15:41:58,651 [WARN] DbFile:41 - Overriding database path with different value: C:\Users\young\.stmcufinder\plugins\mcufinder/ => C:\Users\young\.stmcufinder\plugins\mcufinder
2025-08-04 15:41:58,651 [INFO] DbMcusAds:125 - Set database path to: C:\Users\young\.stmcufinder\plugins\mcufinder//mcu/
2025-08-04 15:41:58,651 [WARN] DbFile:41 - Overriding database path with different value: C:\Users\young\.stmcufinder\plugins\mcufinder/ => C:\Users\young\.stmcufinder\plugins\mcufinder
2025-08-04 15:41:58,651 [WARN] DbFile:41 - Overriding database path with different value: C:\Users\young\.stmcufinder\plugins\mcufinder/ => C:\Users\young\.stmcufinder\plugins\mcufinder
2025-08-04 15:41:58,651 [INFO] CrossReferenceDbSqlite:203 - Set database path to: C:\Users\young\.stmcufinder\plugins\mcufinder//mcu/cs/
2025-08-04 15:41:58,669 [INFO] ApplicationProperties:184 - Using Application install path: C:\ST\STM32CubeIDE_1.19.0\STM32CubeIDE\plugins\com.st.stm32cube.common.mx_6.15.0.202507011659
2025-08-04 15:41:58,670 [INFO] PluginManage:196 - Search for loadable plugins [exclusion list=, ]
2025-08-04 15:41:58,671 [INFO] PluginManage:310 - Check plugin analytics
2025-08-04 15:41:58,843 [INFO] AnalyticsPlugin:253 - Accepted Software Licenses: STM32CubeMX.6.15.0
2025-08-04 15:41:58,843 [INFO] AnalyticsPlugin:255 - Accepted CMSIS Pack Licenses: 
2025-08-04 15:41:58,844 [INFO] AnalyticsPlugin:257 - Accepted Firmware Licenses: FW.F4.1.28.0
2025-08-04 15:41:58,846 [INFO] PluginManage:359 - Loaded plugin analytics (category:tool,tabindex:-1)
2025-08-04 15:41:58,847 [INFO] PluginManage:310 - Check plugin cadmodel
2025-08-04 15:41:58,847 [ERROR] ConfigurationRetriever:142 - IOException on connection: sw-center.st.com
2025-08-04 15:41:58,848 [ERROR] ConfigurationRetriever:142 - IOException on connection: sw-center.st.com
2025-08-04 15:41:58,848 [ERROR] ConfigurationRetriever:142 - IOException on connection: sw-center.st.com
2025-08-04 15:41:58,872 [INFO] CADModel:105 - Init CAD model plugin
2025-08-04 15:41:58,873 [INFO] PluginManage:359 - Loaded plugin cadmodel (category:power,tabindex:5)
2025-08-04 15:41:58,873 [INFO] PluginManage:310 - Check plugin clock
2025-08-04 15:41:58,904 [INFO] PluginManage:359 - Loaded plugin clock (category:base,tabindex:2)
2025-08-04 15:41:58,905 [INFO] PluginManage:310 - Check plugin ddr
2025-08-04 15:41:58,909 [INFO] PluginManage:359 - Loaded plugin ddr (category:tool,tabindex:6)
2025-08-04 15:41:58,910 [INFO] PluginManage:310 - Check plugin filemanager
2025-08-04 15:41:59,127 [INFO] PluginManage:359 - Loaded plugin filemanager (category:base,tabindex:10)
2025-08-04 15:41:59,127 [INFO] PluginManage:310 - Check plugin ipmanager
2025-08-04 15:41:59,136 [INFO] PluginManage:359 - Loaded plugin ipmanager (category:base,tabindex:5)
2025-08-04 15:41:59,136 [INFO] PluginManage:310 - Check plugin lpbam
2025-08-04 15:41:59,157 [INFO] PluginManage:359 - Loaded plugin lpbam (category:base,tabindex:0)
2025-08-04 15:41:59,157 [INFO] PluginManage:310 - Check plugin memorymap
2025-08-04 15:41:59,183 [INFO] PluginManage:359 - Loaded plugin memorymap (category:base,tabindex:4)
2025-08-04 15:41:59,183 [INFO] PluginManage:310 - Check plugin pinoutandconfiguration
2025-08-04 15:41:59,202 [INFO] PluginManage:359 - Loaded plugin pinoutandconfiguration (category:base,tabindex:1)
2025-08-04 15:41:59,203 [INFO] PluginManage:310 - Check plugin pinoutconfig
2025-08-04 15:41:59,283 [WARN] SupportedApi:132 - Cannot load RTOS API schema: s4s-elt-must-match.1: The content of 'definitions' must match (annotation?, (simpleType | complexType)?, (unique | key | keyref)*)). A problem was found starting at: attribute.
2025-08-04 15:41:59,400 [INFO] PluginManage:359 - Loaded plugin pinoutconfig (category:base,tabindex:0)
2025-08-04 15:41:59,400 [INFO] PluginManage:310 - Check plugin power
2025-08-04 15:41:59,424 [INFO] PluginManage:359 - Loaded plugin power (category:power,tabindex:4)
2025-08-04 15:41:59,425 [INFO] PluginManage:310 - Check plugin projectmanager
2025-08-04 15:41:59,438 [INFO] PluginManage:359 - Loaded plugin projectmanager (category:projectmanager,tabindex:4)
2025-08-04 15:41:59,438 [INFO] PluginManage:310 - Check plugin rif
2025-08-04 15:41:59,462 [INFO] PluginManage:359 - Loaded plugin rif (category:base,tabindex:3)
2025-08-04 15:41:59,463 [INFO] PluginManage:310 - Check plugin thirdparty
2025-08-04 15:41:59,821 [INFO] PluginManage:359 - Loaded plugin thirdparty (category:base,tabindex:-1)
2025-08-04 15:41:59,821 [INFO] PluginManage:310 - Check plugin tools
2025-08-04 15:41:59,821 [WARN] IntegrityCheckThread:84 - waiting for thirdparty lock release [integrity check]
2025-08-04 15:41:59,821 [INFO] IntegrityCheckThread:86 - entering critical section [integrity check]
2025-08-04 15:41:59,822 [INFO] ThirdPartyUpdaterWithRetryManager:70 - Updater plugin not ready yet. [1/15]
2025-08-04 15:41:59,871 [INFO] PluginManage:359 - Loaded plugin tools (category:base,tabindex:7)
2025-08-04 15:41:59,871 [INFO] PluginManage:310 - Check plugin tutovideos
2025-08-04 15:42:00,070 [INFO] PluginManage:359 - Loaded plugin tutovideos (category:base,tabindex:-1)
2025-08-04 15:42:00,070 [INFO] PluginManage:310 - Check plugin updater
2025-08-04 15:42:00,089 [INFO] PluginManage:359 - Loaded plugin updater (category:base,tabindex:12)
2025-08-04 15:42:00,089 [INFO] PluginManage:310 - Check plugin userauth
2025-08-04 15:42:00,092 [INFO] UserAuth:118 - Init User Auth plugin
2025-08-04 15:42:00,093 [INFO] PluginManage:359 - Loaded plugin userauth (category:base,tabindex:14)
2025-08-04 15:42:00,093 [INFO] PluginManage:283 - PluginManage : Loaded plugins [18]
2025-08-04 15:42:00,269 [INFO] PinOutPanel:1589 - setPackage(No Configuration,No Configuration)
2025-08-04 15:42:00,339 [INFO] CADModel:165 - CPN selected for project level
2025-08-04 15:42:00,339 [INFO] CADModel:114 - Register for checkConnection events
2025-08-04 15:42:00,368 [INFO] IPUIPlugin:80 - create IPUIPlugin
2025-08-04 15:42:00,368 [INFO] PluginManager:220 - loadIPPluginJar : add adc
2025-08-04 15:42:00,424 [INFO] IPUIPlugin:80 - create IPUIPlugin
2025-08-04 15:42:00,424 [INFO] PluginManager:220 - loadIPPluginJar : add aes
2025-08-04 15:42:00,484 [INFO] IPUIPlugin:80 - create IPUIPlugin
2025-08-04 15:42:00,485 [INFO] PluginManager:220 - loadIPPluginJar : add can
2025-08-04 15:42:00,517 [INFO] IPUIPlugin:80 - create IPUIPlugin
2025-08-04 15:42:00,517 [INFO] PluginManager:220 - loadIPPluginJar : add comp
2025-08-04 15:42:00,560 [INFO] IPUIPlugin:80 - create IPUIPlugin
2025-08-04 15:42:00,560 [INFO] PluginManager:220 - loadIPPluginJar : add cryp
2025-08-04 15:42:00,577 [INFO] IPUIPlugin:80 - create IPUIPlugin
2025-08-04 15:42:00,578 [INFO] PluginManager:220 - loadIPPluginJar : add ddr_ctrl_phy
2025-08-04 15:42:00,613 [INFO] IPUIPlugin:80 - create IPUIPlugin
2025-08-04 15:42:00,613 [INFO] PluginManager:220 - loadIPPluginJar : add dfsdm
2025-08-04 15:42:00,630 [INFO] IPUIPlugin:80 - create IPUIPlugin
2025-08-04 15:42:00,630 [INFO] PluginManager:220 - loadIPPluginJar : add dma
2025-08-04 15:42:00,673 [INFO] IPUIPlugin:80 - create IPUIPlugin
2025-08-04 15:42:00,673 [INFO] PluginManager:220 - loadIPPluginJar : add dma3
2025-08-04 15:42:00,723 [INFO] IPUIPlugin:80 - create IPUIPlugin
2025-08-04 15:42:00,723 [INFO] PluginManager:220 - loadIPPluginJar : add extmemmanager
2025-08-04 15:42:00,751 [INFO] IPUIPlugin:80 - create IPUIPlugin
2025-08-04 15:42:00,751 [INFO] PluginManager:220 - loadIPPluginJar : add fatfs
2025-08-04 15:42:00,805 [INFO] IPUIPlugin:80 - create IPUIPlugin
2025-08-04 15:42:00,805 [INFO] PluginManager:220 - loadIPPluginJar : add fmc
2025-08-04 15:42:00,825 [INFO] IPUIPlugin:80 - create IPUIPlugin
2025-08-04 15:42:00,825 [INFO] PluginManager:220 - loadIPPluginJar : add freertos
2025-08-04 15:42:00,852 [INFO] IPUIPlugin:80 - create IPUIPlugin
2025-08-04 15:42:00,852 [INFO] PluginManager:220 - loadIPPluginJar : add genericplugin
2025-08-04 15:42:00,954 [INFO] IPUIPlugin:80 - create IPUIPlugin
2025-08-04 15:42:00,955 [INFO] PluginManager:220 - loadIPPluginJar : add gfxmmu
2025-08-04 15:42:01,094 [INFO] IPUIPlugin:80 - create IPUIPlugin
2025-08-04 15:42:01,094 [INFO] PluginManager:220 - loadIPPluginJar : add gic
2025-08-04 15:42:01,109 [INFO] IPUIPlugin:80 - create IPUIPlugin
2025-08-04 15:42:01,109 [INFO] PluginManager:220 - loadIPPluginJar : add gpio
2025-08-04 15:42:01,210 [INFO] IPUIPlugin:80 - create IPUIPlugin
2025-08-04 15:42:01,210 [INFO] PluginManager:220 - loadIPPluginJar : add gtzc
2025-08-04 15:42:01,250 [INFO] IPUIPlugin:80 - create IPUIPlugin
2025-08-04 15:42:01,250 [INFO] PluginManager:220 - loadIPPluginJar : add hash
2025-08-04 15:42:01,304 [INFO] IPUIPlugin:80 - create IPUIPlugin
2025-08-04 15:42:01,304 [INFO] PluginManager:220 - loadIPPluginJar : add i2c
2025-08-04 15:42:01,348 [INFO] IPUIPlugin:80 - create IPUIPlugin
2025-08-04 15:42:01,348 [INFO] PluginManager:220 - loadIPPluginJar : add i2s
2025-08-04 15:42:01,399 [INFO] IPUIPlugin:80 - create IPUIPlugin
2025-08-04 15:42:01,399 [INFO] PluginManager:220 - loadIPPluginJar : add i3c
2025-08-04 15:42:01,506 [INFO] IPUIPlugin:80 - create IPUIPlugin
2025-08-04 15:42:01,506 [INFO] PluginManager:220 - loadIPPluginJar : add ipddr
2025-08-04 15:42:01,606 [INFO] IPUIPlugin:80 - create IPUIPlugin
2025-08-04 15:42:01,606 [INFO] PluginManager:220 - loadIPPluginJar : add linkedlist
2025-08-04 15:42:01,641 [INFO] IPUIPlugin:80 - create IPUIPlugin
2025-08-04 15:42:01,641 [INFO] PluginManager:220 - loadIPPluginJar : add lorawan
2025-08-04 15:42:01,681 [INFO] IPUIPlugin:80 - create IPUIPlugin
2025-08-04 15:42:01,681 [INFO] PluginManager:220 - loadIPPluginJar : add ltdc
2025-08-04 15:42:01,698 [INFO] IPUIPlugin:80 - create IPUIPlugin
2025-08-04 15:42:01,698 [INFO] PluginManager:220 - loadIPPluginJar : add mdma
2025-08-04 15:42:01,715 [INFO] IPUIPlugin:80 - create IPUIPlugin
2025-08-04 15:42:01,715 [INFO] PluginManager:220 - loadIPPluginJar : add nvic
2025-08-04 15:42:01,756 [INFO] IPUIPlugin:80 - create IPUIPlugin
2025-08-04 15:42:01,756 [INFO] PluginManager:220 - loadIPPluginJar : add opamp
2025-08-04 15:42:01,827 [INFO] IPUIPlugin:80 - create IPUIPlugin
2025-08-04 15:42:01,827 [INFO] PluginManager:220 - loadIPPluginJar : add openamp
2025-08-04 15:42:01,874 [INFO] IPUIPlugin:80 - create IPUIPlugin
2025-08-04 15:42:01,876 [INFO] PluginManager:220 - loadIPPluginJar : add pdm2pcm
2025-08-04 15:42:01,891 [INFO] IPUIPlugin:80 - create IPUIPlugin
2025-08-04 15:42:01,893 [INFO] PluginManager:220 - loadIPPluginJar : add plateformsettings
2025-08-04 15:42:01,919 [INFO] IPUIPlugin:80 - create IPUIPlugin
2025-08-04 15:42:01,919 [INFO] PluginManager:220 - loadIPPluginJar : add quadspi
2025-08-04 15:42:01,949 [INFO] IPUIPlugin:80 - create IPUIPlugin
2025-08-04 15:42:01,950 [INFO] PluginManager:220 - loadIPPluginJar : add radio
2025-08-04 15:42:01,965 [INFO] IPUIPlugin:80 - create IPUIPlugin
2025-08-04 15:42:01,965 [INFO] PluginManager:220 - loadIPPluginJar : add resmgrutility
2025-08-04 15:42:02,007 [INFO] IPUIPlugin:80 - create IPUIPlugin
2025-08-04 15:42:02,007 [INFO] PluginManager:220 - loadIPPluginJar : add sai
2025-08-04 15:42:02,046 [INFO] IPUIPlugin:80 - create IPUIPlugin
2025-08-04 15:42:02,046 [INFO] PluginManager:220 - loadIPPluginJar : add spi
2025-08-04 15:42:02,114 [INFO] IPUIPlugin:80 - create IPUIPlugin
2025-08-04 15:42:02,114 [INFO] PluginManager:220 - loadIPPluginJar : add stm32_wpan
2025-08-04 15:42:02,139 [INFO] IPUIPlugin:80 - create IPUIPlugin
2025-08-04 15:42:02,139 [INFO] PluginManager:220 - loadIPPluginJar : add tim
2025-08-04 15:42:02,190 [INFO] IPUIPlugin:80 - create IPUIPlugin
2025-08-04 15:42:02,191 [INFO] PluginManager:220 - loadIPPluginJar : add touchsensing
2025-08-04 15:42:02,215 [INFO] IPUIPlugin:80 - create IPUIPlugin
2025-08-04 15:42:02,215 [INFO] PluginManager:220 - loadIPPluginJar : add tracer_emb
2025-08-04 15:42:02,238 [INFO] IPUIPlugin:80 - create IPUIPlugin
2025-08-04 15:42:02,238 [INFO] PluginManager:220 - loadIPPluginJar : add ts
2025-08-04 15:42:02,262 [INFO] IPUIPlugin:80 - create IPUIPlugin
2025-08-04 15:42:02,263 [INFO] PluginManager:220 - loadIPPluginJar : add tsc
2025-08-04 15:42:02,286 [INFO] IPUIPlugin:80 - create IPUIPlugin
2025-08-04 15:42:02,286 [INFO] PluginManager:220 - loadIPPluginJar : add ucpd
2025-08-04 15:42:02,326 [INFO] IPUIPlugin:80 - create IPUIPlugin
2025-08-04 15:42:02,326 [INFO] PluginManager:220 - loadIPPluginJar : add usart
2025-08-04 15:42:02,367 [INFO] IPUIPlugin:80 - create IPUIPlugin
2025-08-04 15:42:02,367 [INFO] PluginManager:220 - loadIPPluginJar : add usbx
2025-08-04 15:42:02,482 [FATAL] Updater:351 - Updater called before beeing initialized
2025-08-04 15:42:02,504 [INFO] RulesReader:64 - Compatibility file has been processed (317 Rules)
2025-08-04 15:42:02,513 [INFO] RulesReader:64 - Compatibility file has been processed (317 Rules)
2025-08-04 15:42:02,521 [INFO] CADModel:165 - CPN selected for project level
2025-08-04 15:42:02,522 [INFO] CADModel:114 - Register for checkConnection events
2025-08-04 15:42:02,522 [FATAL] Updater:351 - Updater called before beeing initialized
2025-08-04 15:42:02,522 [ERROR] CADModel:125 - Updater not yet initialized, retry later 
2025-08-04 15:42:02,641 [FATAL] Updater:351 - Updater called before beeing initialized
2025-08-04 15:42:02,643 [INFO] CADModel:165 - CPN selected for project level
2025-08-04 15:42:02,643 [INFO] CADModel:114 - Register for checkConnection events
2025-08-04 15:42:02,643 [FATAL] Updater:351 - Updater called before beeing initialized
2025-08-04 15:42:02,643 [ERROR] CADModel:125 - Updater not yet initialized, retry later 
2025-08-04 15:42:02,645 [FATAL] Updater:351 - Updater called before beeing initialized
2025-08-04 15:42:02,724 [FATAL] Updater:351 - Updater called before beeing initialized
2025-08-04 15:42:02,727 [INFO] DbMcusAds:53 - JSON generation date=Tue Jul 08 17:14:23 KST 2025 (1751962463593)
2025-08-04 15:42:02,727 [FATAL] Updater:351 - Updater called before beeing initialized
2025-08-04 15:42:02,762 [WARN] DetailPanel:346 - Failed to get advertising image, set to default
2025-08-04 15:42:02,823 [INFO] ThirdPartyUpdaterWithRetryManager:70 - Updater plugin not ready yet. [2/15]
2025-08-04 15:42:02,828 [FATAL] Updater:351 - Updater called before beeing initialized
2025-08-04 15:42:02,830 [FATAL] Updater:351 - Updater called before beeing initialized
2025-08-04 15:42:02,830 [FATAL] Updater:351 - Updater called before beeing initialized
2025-08-04 15:42:02,830 [WARN] DetailPanel:346 - Failed to get advertising image, set to default
2025-08-04 15:42:02,830 [FATAL] Updater:351 - Updater called before beeing initialized
2025-08-04 15:42:02,880 [ERROR] Updater:1198 - MainUpdater not yet initialized. External WinMGr cannot be set.
2025-08-04 15:42:02,889 [INFO] Updater:1134 - Updater Version found : 6.15.0
2025-08-04 15:42:02,902 [INFO] ApplicationProperties:184 - Using Application install path: C:\ST\STM32CubeIDE_1.19.0\STM32CubeIDE\plugins\com.st.stm32cube.common.mx_6.15.0.202507011659
2025-08-04 15:42:04,479 [ERROR] LogOutputStream:75 - [STDERR_REDIRECT] Aug 04, 2025 3:42:04 PM java.util.prefs.WindowsPreferences <init>
2025-08-04 15:42:04,480 [ERROR] LogOutputStream:75 - [STDERR_REDIRECT] WARNING: Could not open/create prefs root node Software\JavaSoft\Prefs at root 0xffffffff80000002. Windows RegCreateKeyEx(...) returned error code 5.
2025-08-04 15:42:04,480 [ERROR] LogOutputStream:75 - [STDERR_REDIRECT] 
2025-08-04 15:42:04,686 [INFO] MainUpdater:2872 - connection check result : 22
2025-08-04 15:42:04,687 [INFO] MainUpdater:289 - Updater Check For Update Now.
2025-08-04 15:42:04,687 [INFO] MicroXplorer:498 - Change Database Version : DB.6.0.150
2025-08-04 15:42:04,714 [INFO] McuFinderGlobals:63 - Set McuFinder mode to 2 (CubeIDE integrated)
2025-08-04 15:42:04,725 [INFO] UserAuth:487 - Internet connection configuration mode: 2
2025-08-04 15:42:04,733 [INFO] UserAuth:487 - Internet connection configuration mode: 2
2025-08-04 15:42:04,921 [INFO] CheckServerUpdateThread:120 - End of CheckServer Thread
2025-08-04 15:42:05,038 [ERROR] LogOutputStream:75 - [STDERR_REDIRECT] [Fatal Error] :1:1: Premature end of file.
2025-08-04 15:42:05,039 [ERROR] LogOutputStream:75 - [STDERR_REDIRECT] 
2025-08-04 15:42:05,808 [ERROR] LogOutputStream:75 - [STDERR_REDIRECT] [Fatal Error] :1:1: Premature end of file.
2025-08-04 15:42:05,808 [ERROR] LogOutputStream:75 - [STDERR_REDIRECT] 
2025-08-04 15:42:06,020 [WARN] PackLoader:240 - Cannot read IP mode file for STMicroelectronics.FP-SNS-MOTENVWB1.1.4.0
2025-08-04 15:42:06,043 [WARN] PackLoader:240 - Cannot read IP mode file for STMicroelectronics.FP-ATR-ASTRA1.2.0.2
2025-08-04 15:42:06,062 [WARN] PackLoader:240 - Cannot read IP mode file for STMicroelectronics.X-CUBE-SMBUS.2.1.0
2025-08-04 15:42:06,078 [WARN] PackLoader:240 - Cannot read IP mode file for STMicroelectronics.X-CUBE-ST60.1.0.0
2025-08-04 15:42:06,120 [WARN] PackLoader:240 - Cannot read IP mode file for STMicroelectronics.X-CUBE-AZRTOS-F7.1.1.0
2025-08-04 15:42:06,181 [WARN] PackLoader:240 - Cannot read IP mode file for Infineon.AIROC-Wi-Fi-Bluetooth-STM32.1.7.1
2025-08-04 15:42:06,231 [WARN] PackLoader:240 - Cannot read IP mode file for STMicroelectronics.X-CUBE-AZRTOS-H7.3.4.0
2025-08-04 15:42:06,268 [WARN] PackLoader:240 - Cannot read IP mode file for STMicroelectronics.X-CUBE-DISPLAY.3.0.0
2025-08-04 15:42:06,301 [WARN] PackLoader:240 - Cannot read IP mode file for STMicroelectronics.X-CUBE-NFC10.1.0.0
2025-08-04 15:42:06,326 [WARN] PackLoader:240 - Cannot read IP mode file for emotas.I-CUBE-CANOPEN.1.3.0
2025-08-04 15:42:06,348 [WARN] PackLoader:240 - Cannot read IP mode file for STMicroelectronics.FP-SNS-STBOX1.2.1.0
2025-08-04 15:42:06,369 [WARN] PackLoader:240 - Cannot read IP mode file for STMicroelectronics.FP-SNS-SMARTAG2.1.2.0
2025-08-04 15:42:06,388 [WARN] PackLoader:240 - Cannot read IP mode file for STMicroelectronics.FP-SNS-FLIGHT1.5.1.0
2025-08-04 15:42:06,412 [INFO] LogOutputStream:77 - [STDOUT_REDIRECT] 1 : Invalid condition id : UX_CORESTACK_Condition cause : null
2025-08-04 15:42:06,413 [INFO] LogOutputStream:77 - [STDOUT_REDIRECT] 1 : Invalid condition id : UX_CORESTACK_Condition cause : null
2025-08-04 15:42:06,414 [INFO] LogOutputStream:77 - [STDOUT_REDIRECT] 1 : Invalid condition id : UX_CORESTACK_Condition cause : null
2025-08-04 15:42:06,414 [INFO] LogOutputStream:77 - [STDOUT_REDIRECT] 1 : Invalid condition id : UX_CORESTACK_Condition cause : null
2025-08-04 15:42:06,415 [INFO] LogOutputStream:77 - [STDOUT_REDIRECT] 1 : Invalid condition id : UX_CORESTACK_Condition cause : null
2025-08-04 15:42:06,416 [WARN] PackLoader:240 - Cannot read IP mode file for STMicroelectronics.X-CUBE-AZRTOS-WL.2.0.0
2025-08-04 15:42:06,437 [WARN] PackLoader:240 - Cannot read IP mode file for STMicroelectronics.FP-SNS-MOTENV1.5.0.0
2025-08-04 15:42:06,463 [WARN] PackLoader:240 - Cannot read IP mode file for WES.I-CUBE-Cesium.1.3.0
2025-08-04 15:42:06,490 [WARN] PackLoader:240 - Cannot read IP mode file for STMicroelectronics.X-CUBE-BLE2.3.3.0
2025-08-04 15:42:06,515 [WARN] PackLoader:240 - Cannot read IP mode file for STMicroelectronics.X-CUBE-NFC9.1.0.0
2025-08-04 15:42:06,539 [WARN] PackLoader:240 - Cannot read IP mode file for wolfSSL.I-CUBE-wolfSSL.5.8.2
2025-08-04 15:42:06,555 [WARN] PackLoader:240 - Cannot read IP mode file for STMicroelectronics.X-CUBE-BLE1.7.1.0
2025-08-04 15:42:06,572 [WARN] PackLoader:240 - Cannot read IP mode file for wolfSSL.I-CUBE-wolfMQTT.1.19.2
2025-08-04 15:42:06,590 [WARN] PackLoader:240 - Cannot read IP mode file for STMicroelectronics.X-CUBE-EEPRMA1.5.2.0
2025-08-04 15:42:06,608 [WARN] PackLoader:240 - Cannot read IP mode file for STMicroelectronics.X-CUBE-AI.10.1.0
2025-08-04 15:42:06,638 [WARN] PackLoader:240 - Cannot read IP mode file for STMicroelectronics.X-CUBE-AZRTOS-G0.1.1.0
2025-08-04 15:42:06,658 [WARN] PackLoader:240 - Cannot read IP mode file for STMicroelectronics.X-CUBE-SAFEA1.1.2.2
2025-08-04 15:42:06,677 [WARN] PackLoader:240 - Cannot read IP mode file for STMicroelectronics.X-CUBE-NFC4.3.0.0
2025-08-04 15:42:06,697 [WARN] PackLoader:240 - Cannot read IP mode file for EmbeddedOffice.I-CUBE-FS-RTOS.1.0.1
2025-08-04 15:42:06,715 [WARN] PackLoader:240 - Cannot read IP mode file for STMicroelectronics.X-CUBE-WB05N.2.0.0
2025-08-04 15:42:06,731 [WARN] PackLoader:240 - Cannot read IP mode file for wolfSSL.I-CUBE-wolfTPM.3.8.0
2025-08-04 15:42:06,747 [WARN] PackLoader:240 - Cannot read IP mode file for STMicroelectronics.X-CUBE-TCPP.4.2.0
2025-08-04 15:42:06,763 [WARN] PackLoader:240 - Cannot read IP mode file for RealThread.X-CUBE-RT-Thread_Nano.4.1.1
2025-08-04 15:42:06,779 [WARN] PackLoader:240 - Cannot read IP mode file for STMicroelectronics.FP-ATR-SIGFOX1.3.2.0
2025-08-04 15:42:06,795 [WARN] PackLoader:240 - Cannot read IP mode file for ITTIA_DB.I-CUBE-ITTIADB.8.9.0
2025-08-04 15:42:06,806 [ERROR] LogOutputStream:75 - [STDERR_REDIRECT] [Fatal Error] :1:1: Premature end of file.
2025-08-04 15:42:06,806 [ERROR] LogOutputStream:75 - [STDERR_REDIRECT] 
2025-08-04 15:42:06,812 [WARN] PackLoader:240 - Cannot read IP mode file for STMicroelectronics.X-CUBE-ST67W61.1.0.0
2025-08-04 15:42:06,839 [WARN] PackLoader:240 - Cannot read IP mode file for SEGGER.I-CUBE-embOS.1.3.1
2025-08-04 15:42:06,908 [WARN] PackLoader:240 - Cannot read IP mode file for STMicroelectronics.X-CUBE-ALGOBUILD.1.4.0
2025-08-04 15:42:06,970 [WARN] PackLoader:240 - Cannot read IP mode file for STMicroelectronics.X-CUBE-MEMS1.11.3.0
2025-08-04 15:42:07,063 [WARN] PackLoader:240 - Cannot read IP mode file for STMicroelectronics.X-CUBE-PM33A1.1.0.0
2025-08-04 15:42:07,098 [WARN] PackLoader:240 - Cannot read IP mode file for STMicroelectronics.X-CUBE-AZRTOS-F4.1.1.0
2025-08-04 15:42:07,121 [WARN] PackLoader:240 - Cannot read IP mode file for STMicroelectronics.X-CUBE-ISPU.2.1.0
2025-08-04 15:42:07,143 [WARN] PackLoader:240 - Cannot read IP mode file for STMicroelectronics.X-CUBE-NFC12.1.0.0
2025-08-04 15:42:07,184 [WARN] PackLoader:240 - Cannot read IP mode file for STMicroelectronics.X-CUBE-AZRTOS-L5.2.0.0
2025-08-04 15:42:07,211 [WARN] PackLoader:240 - Cannot read IP mode file for STMicroelectronics.X-CUBE-NFC6.3.1.0
2025-08-04 15:42:07,237 [WARN] PackLoader:240 - Cannot read IP mode file for STMicroelectronics.X-CUBE-FREERTOS.1.3.1
2025-08-04 15:42:07,258 [WARN] PackLoader:240 - Cannot read IP mode file for STMicroelectronics.FP-SNS-STAIOTCFT.1.0.0
2025-08-04 15:42:07,274 [WARN] PackLoader:240 - Cannot read IP mode file for STMicroelectronics.X-CUBE-DPower.1.3.0
2025-08-04 15:42:07,297 [WARN] ConditionMgr:438 - getConditionDescription Invalid condition id : LAN8742 Phy interface Condition cause : null
2025-08-04 15:42:07,297 [WARN] PackLoader:240 - Cannot read IP mode file for STMicroelectronics.X-CUBE-AZRTOS-L4.2.0.0
2025-08-04 15:42:07,298 [WARN] ConditionMgr:1044 - genDependencies : Invalid condition id : LAN8742 Phy interface Condition cause : null
2025-08-04 15:42:07,299 [WARN] ConditionMgr:1044 - genDependencies : Invalid condition id : LAN8742 Phy interface Condition cause : null
2025-08-04 15:42:07,299 [WARN] ConditionMgr:1044 - genDependencies : Invalid condition id : LAN8742 Phy interface Condition cause : null
2025-08-04 15:42:07,322 [WARN] PackLoader:240 - Cannot read IP mode file for STMicroelectronics.X-CUBE-SFXS2LP1.4.0.0
2025-08-04 15:42:07,346 [WARN] PackLoader:240 - Cannot read IP mode file for STMicroelectronics.X-CUBE-BLEMGR.4.1.0
2025-08-04 15:42:07,372 [WARN] ConditionMgr:438 - getConditionDescription Invalid condition id : UX DEVICE CLASS RTOS Condition cause : null
2025-08-04 15:42:07,372 [WARN] ConditionMgr:438 - getConditionDescription Invalid condition id : UX DEVICE CLASS RTOS Condition cause : null
2025-08-04 15:42:07,373 [WARN] PackLoader:240 - Cannot read IP mode file for STMicroelectronics.X-CUBE-AZRTOS-WB.2.0.0
2025-08-04 15:42:07,373 [WARN] ConditionMgr:1044 - genDependencies : Invalid condition id : UX DEVICE CLASS RTOS Condition cause : null
2025-08-04 15:42:07,373 [WARN] ConditionMgr:1044 - genDependencies : Invalid condition id : UX DEVICE CLASS RTOS Condition cause : null
2025-08-04 15:42:07,374 [WARN] ConditionMgr:1044 - genDependencies : Invalid condition id : UX DEVICE CLASS RTOS Condition cause : null
2025-08-04 15:42:07,374 [WARN] ConditionMgr:1044 - genDependencies : Invalid condition id : UX DEVICE CLASS RTOS Condition cause : null
2025-08-04 15:42:07,374 [WARN] ConditionMgr:1044 - genDependencies : Invalid condition id : UX DEVICE CLASS RTOS Condition cause : null
2025-08-04 15:42:07,390 [WARN] PackLoader:240 - Cannot read IP mode file for STMicroelectronics.X-CUBE-GNSS1.7.0.1
2025-08-04 15:42:07,410 [WARN] PackLoader:240 - Cannot read IP mode file for STMicroelectronics.X-CUBE-TOUCHGFX.4.25.0
2025-08-04 15:42:07,424 [WARN] ConditionMgr:438 - getConditionDescription Invalid condition id : Cortex-A Device cause : null
2025-08-04 15:42:07,446 [WARN] ConditionMgr:1044 - genDependencies : Invalid condition id : Cortex-A Device cause : null
2025-08-04 15:42:07,446 [WARN] ConditionMgr:1044 - genDependencies : Invalid condition id : Cortex-A Device cause : null
2025-08-04 15:42:07,447 [WARN] ConditionMgr:1044 - genDependencies : Invalid condition id : Cortex-A Device cause : null
2025-08-04 15:42:07,463 [WARN] PackLoader:240 - Cannot read IP mode file for STMicroelectronics.X-CUBE-SUBG2.5.0.0
2025-08-04 15:42:07,492 [WARN] PackLoader:240 - Cannot read IP mode file for STMicroelectronics.X-CUBE-AZRTOS-H7RS.1.1.0
2025-08-04 15:42:07,510 [WARN] PackLoader:240 - Cannot read IP mode file for Cesanta.I-CUBE-Mongoose.7.13.0
2025-08-04 15:42:07,532 [WARN] PackLoader:240 - Cannot read IP mode file for STMicroelectronics.X-CUBE-AZRTOS-G4.2.0.0
2025-08-04 15:42:07,549 [WARN] PackLoader:240 - Cannot read IP mode file for wolfSSL.I-CUBE-wolfSSH.1.4.20
2025-08-04 15:42:07,563 [WARN] PackLoader:240 - Cannot read IP mode file for STMicroelectronics.X-CUBE-NFC7.2.0.0
2025-08-04 15:42:07,581 [WARN] PackLoader:240 - Cannot read IP mode file for STMicroelectronics.X-CUBE-IPS.3.1.0
2025-08-04 15:42:07,604 [WARN] PackLoader:240 - Cannot read IP mode file for STMicroelectronics.X-CUBE-ALS.1.0.2
2025-08-04 15:42:07,625 [WARN] PackLoader:240 - Cannot read IP mode file for portGmbH.I-Cube-SoM-uGOAL.1.1.0
2025-08-04 15:42:07,647 [WARN] PackLoader:240 - Cannot read IP mode file for STMicroelectronics.X-CUBE-TOF1.3.4.3
2025-08-04 15:42:07,653 [INFO] ThirdParty:978 - Integrity check success = true
2025-08-04 15:42:07,653 [INFO] IntegrityCheckThread:100 - exiting critical section [integrity check]
2025-08-04 15:42:07,653 [INFO] IntegrityCheckThread:103 - End integrity checks thread
2025-08-04 15:42:07,805 [ERROR] LogOutputStream:75 - [STDERR_REDIRECT] [Fatal Error] :1:1: Premature end of file.
2025-08-04 15:42:07,806 [ERROR] LogOutputStream:75 - [STDERR_REDIRECT] 
2025-08-04 15:42:08,806 [ERROR] LogOutputStream:75 - [STDERR_REDIRECT] [Fatal Error] :1:1: Premature end of file.
2025-08-04 15:42:08,806 [ERROR] LogOutputStream:75 - [STDERR_REDIRECT] 
2025-08-04 15:42:09,804 [ERROR] LogOutputStream:75 - [STDERR_REDIRECT] [Fatal Error] :1:1: Premature end of file.
2025-08-04 15:42:09,804 [ERROR] LogOutputStream:75 - [STDERR_REDIRECT] 
2025-08-04 15:42:10,806 [ERROR] LogOutputStream:75 - [STDERR_REDIRECT] [Fatal Error] :1:1: Premature end of file.
2025-08-04 15:42:10,806 [ERROR] LogOutputStream:75 - [STDERR_REDIRECT] 
2025-08-04 15:42:11,806 [ERROR] LogOutputStream:75 - [STDERR_REDIRECT] [Fatal Error] :1:1: Premature end of file.
2025-08-04 15:42:11,806 [ERROR] LogOutputStream:75 - [STDERR_REDIRECT] 
2025-08-04 15:42:12,805 [ERROR] LogOutputStream:75 - [STDERR_REDIRECT] [Fatal Error] :1:1: Premature end of file.
2025-08-04 15:42:12,807 [ERROR] LogOutputStream:75 - [STDERR_REDIRECT] 
2025-08-04 15:42:13,803 [ERROR] LogOutputStream:75 - [STDERR_REDIRECT] [Fatal Error] :1:1: Premature end of file.
2025-08-04 15:42:13,803 [ERROR] LogOutputStream:75 - [STDERR_REDIRECT] 
2025-08-04 15:42:14,806 [ERROR] LogOutputStream:75 - [STDERR_REDIRECT] [Fatal Error] :1:1: Premature end of file.
2025-08-04 15:42:14,806 [ERROR] LogOutputStream:75 - [STDERR_REDIRECT] 
2025-08-04 15:42:15,805 [ERROR] LogOutputStream:75 - [STDERR_REDIRECT] [Fatal Error] :1:1: Premature end of file.
2025-08-04 15:42:15,805 [ERROR] LogOutputStream:75 - [STDERR_REDIRECT] 
2025-08-04 15:42:16,809 [ERROR] LogOutputStream:75 - [STDERR_REDIRECT] [Fatal Error] :1:1: Premature end of file.
2025-08-04 15:42:16,809 [ERROR] LogOutputStream:75 - [STDERR_REDIRECT] 
2025-08-04 15:42:17,820 [ERROR] LogOutputStream:75 - [STDERR_REDIRECT] [Fatal Error] :1:1: Premature end of file.
2025-08-04 15:42:17,820 [ERROR] LogOutputStream:75 - [STDERR_REDIRECT] 
2025-08-04 15:42:18,807 [ERROR] LogOutputStream:75 - [STDERR_REDIRECT] [Fatal Error] :1:1: Premature end of file.
2025-08-04 15:42:18,807 [ERROR] LogOutputStream:75 - [STDERR_REDIRECT] 
2025-08-04 15:42:19,806 [ERROR] LogOutputStream:75 - [STDERR_REDIRECT] [Fatal Error] :1:1: Premature end of file.
2025-08-04 15:42:19,806 [ERROR] LogOutputStream:75 - [STDERR_REDIRECT] 
2025-08-04 15:42:20,804 [ERROR] LogOutputStream:75 - [STDERR_REDIRECT] [Fatal Error] :1:1: Premature end of file.
2025-08-04 15:42:20,804 [ERROR] LogOutputStream:75 - [STDERR_REDIRECT] 
2025-08-04 15:42:21,806 [ERROR] LogOutputStream:75 - [STDERR_REDIRECT] [Fatal Error] :1:1: Premature end of file.
2025-08-04 15:42:21,806 [ERROR] LogOutputStream:75 - [STDERR_REDIRECT] 
2025-08-04 15:42:22,804 [ERROR] LogOutputStream:75 - [STDERR_REDIRECT] [Fatal Error] :1:1: Premature end of file.
2025-08-04 15:42:22,804 [ERROR] LogOutputStream:75 - [STDERR_REDIRECT] 
2025-08-04 15:42:23,805 [ERROR] LogOutputStream:75 - [STDERR_REDIRECT] [Fatal Error] :1:1: Premature end of file.
2025-08-04 15:42:23,805 [ERROR] LogOutputStream:75 - [STDERR_REDIRECT] 
2025-08-04 15:42:24,805 [ERROR] LogOutputStream:75 - [STDERR_REDIRECT] [Fatal Error] :1:1: Premature end of file.
2025-08-04 15:42:24,805 [ERROR] LogOutputStream:75 - [STDERR_REDIRECT] 
2025-08-04 15:42:25,805 [ERROR] LogOutputStream:75 - [STDERR_REDIRECT] [Fatal Error] :1:1: Premature end of file.
2025-08-04 15:42:25,805 [ERROR] LogOutputStream:75 - [STDERR_REDIRECT] 
2025-08-04 15:42:26,805 [ERROR] LogOutputStream:75 - [STDERR_REDIRECT] [Fatal Error] :1:1: Premature end of file.
2025-08-04 15:42:26,805 [ERROR] LogOutputStream:75 - [STDERR_REDIRECT] 
2025-08-04 15:42:27,805 [ERROR] LogOutputStream:75 - [STDERR_REDIRECT] [Fatal Error] :1:1: Premature end of file.
2025-08-04 15:42:27,805 [ERROR] LogOutputStream:75 - [STDERR_REDIRECT] 
2025-08-04 15:42:28,804 [ERROR] LogOutputStream:75 - [STDERR_REDIRECT] [Fatal Error] :1:1: Premature end of file.
2025-08-04 15:42:28,804 [ERROR] LogOutputStream:75 - [STDERR_REDIRECT] 
2025-08-04 15:42:29,804 [ERROR] LogOutputStream:75 - [STDERR_REDIRECT] [Fatal Error] :1:1: Premature end of file.
2025-08-04 15:42:29,804 [ERROR] LogOutputStream:75 - [STDERR_REDIRECT] 
2025-08-04 15:42:30,806 [ERROR] LogOutputStream:75 - [STDERR_REDIRECT] [Fatal Error] :1:1: Premature end of file.
2025-08-04 15:42:30,806 [ERROR] LogOutputStream:75 - [STDERR_REDIRECT] 
2025-08-04 15:42:31,805 [ERROR] LogOutputStream:75 - [STDERR_REDIRECT] [Fatal Error] :1:1: Premature end of file.
2025-08-04 15:42:31,805 [ERROR] LogOutputStream:75 - [STDERR_REDIRECT] 
2025-08-04 15:42:32,807 [ERROR] LogOutputStream:75 - [STDERR_REDIRECT] [Fatal Error] :1:1: Premature end of file.
2025-08-04 15:42:32,807 [ERROR] LogOutputStream:75 - [STDERR_REDIRECT] 
2025-08-04 15:42:33,803 [ERROR] LogOutputStream:75 - [STDERR_REDIRECT] [Fatal Error] :1:1: Premature end of file.
2025-08-04 15:42:33,804 [ERROR] LogOutputStream:75 - [STDERR_REDIRECT] 
2025-08-04 15:42:34,804 [ERROR] LogOutputStream:75 - [STDERR_REDIRECT] [Fatal Error] :1:1: Premature end of file.
2025-08-04 15:42:34,804 [ERROR] LogOutputStream:75 - [STDERR_REDIRECT] 
2025-08-04 15:42:35,823 [ERROR] LogOutputStream:75 - [STDERR_REDIRECT] [Fatal Error] :1:1: Premature end of file.
2025-08-04 15:42:35,823 [ERROR] LogOutputStream:75 - [STDERR_REDIRECT] 
2025-08-04 15:42:36,804 [ERROR] LogOutputStream:75 - [STDERR_REDIRECT] [Fatal Error] :1:1: Premature end of file.
2025-08-04 15:42:36,805 [ERROR] LogOutputStream:75 - [STDERR_REDIRECT] 
2025-08-04 15:42:37,816 [ERROR] LogOutputStream:75 - [STDERR_REDIRECT] [Fatal Error] :1:1: Premature end of file.
2025-08-04 15:42:37,817 [ERROR] LogOutputStream:75 - [STDERR_REDIRECT] 
2025-08-04 15:42:38,810 [ERROR] LogOutputStream:75 - [STDERR_REDIRECT] [Fatal Error] :1:1: Premature end of file.
2025-08-04 15:42:38,810 [ERROR] LogOutputStream:75 - [STDERR_REDIRECT] 
2025-08-04 15:42:39,805 [ERROR] LogOutputStream:75 - [STDERR_REDIRECT] [Fatal Error] :1:1: Premature end of file.
2025-08-04 15:42:39,805 [ERROR] LogOutputStream:75 - [STDERR_REDIRECT] 
2025-08-04 15:42:40,813 [ERROR] LogOutputStream:75 - [STDERR_REDIRECT] [Fatal Error] :1:1: Premature end of file.
2025-08-04 15:42:40,813 [ERROR] LogOutputStream:75 - [STDERR_REDIRECT] 
2025-08-04 15:42:41,806 [ERROR] LogOutputStream:75 - [STDERR_REDIRECT] [Fatal Error] :1:1: Premature end of file.
2025-08-04 15:42:41,806 [ERROR] LogOutputStream:75 - [STDERR_REDIRECT] 
2025-08-04 15:42:42,809 [ERROR] LogOutputStream:75 - [STDERR_REDIRECT] [Fatal Error] :1:1: Premature end of file.
2025-08-04 15:42:42,810 [ERROR] LogOutputStream:75 - [STDERR_REDIRECT] 
2025-08-04 15:42:43,805 [ERROR] LogOutputStream:75 - [STDERR_REDIRECT] [Fatal Error] :1:1: Premature end of file.
2025-08-04 15:42:43,805 [ERROR] LogOutputStream:75 - [STDERR_REDIRECT] 
2025-08-04 15:42:44,805 [ERROR] LogOutputStream:75 - [STDERR_REDIRECT] [Fatal Error] :1:1: Premature end of file.
2025-08-04 15:42:44,805 [ERROR] LogOutputStream:75 - [STDERR_REDIRECT] 
2025-08-04 15:42:45,804 [ERROR] LogOutputStream:75 - [STDERR_REDIRECT] [Fatal Error] :1:1: Premature end of file.
2025-08-04 15:42:45,804 [ERROR] LogOutputStream:75 - [STDERR_REDIRECT] 
2025-08-04 15:42:46,804 [ERROR] LogOutputStream:75 - [STDERR_REDIRECT] [Fatal Error] :1:1: Premature end of file.
2025-08-04 15:42:46,804 [ERROR] LogOutputStream:75 - [STDERR_REDIRECT] 
2025-08-04 15:42:47,805 [ERROR] LogOutputStream:75 - [STDERR_REDIRECT] [Fatal Error] :1:1: Premature end of file.
2025-08-04 15:42:47,805 [ERROR] LogOutputStream:75 - [STDERR_REDIRECT] 
2025-08-04 15:42:48,806 [ERROR] LogOutputStream:75 - [STDERR_REDIRECT] [Fatal Error] :1:1: Premature end of file.
2025-08-04 15:42:48,806 [ERROR] LogOutputStream:75 - [STDERR_REDIRECT] 
2025-08-04 15:42:49,859 [ERROR] LogOutputStream:75 - [STDERR_REDIRECT] [Fatal Error] :1:1: Premature end of file.
2025-08-04 15:42:49,860 [ERROR] LogOutputStream:75 - [STDERR_REDIRECT] 
2025-08-04 15:42:50,899 [ERROR] LogOutputStream:75 - [STDERR_REDIRECT] [Fatal Error] :1:1: Premature end of file.
2025-08-04 15:42:50,899 [ERROR] LogOutputStream:75 - [STDERR_REDIRECT] 
2025-08-04 15:42:51,804 [ERROR] LogOutputStream:75 - [STDERR_REDIRECT] [Fatal Error] :1:1: Premature end of file.
2025-08-04 15:42:51,804 [ERROR] LogOutputStream:75 - [STDERR_REDIRECT] 
2025-08-04 15:42:52,804 [ERROR] LogOutputStream:75 - [STDERR_REDIRECT] [Fatal Error] :1:1: Premature end of file.
2025-08-04 15:42:52,806 [ERROR] LogOutputStream:75 - [STDERR_REDIRECT] 
2025-08-04 15:42:52,808 [ERROR] ConfigurationRetriever:142 - IOException on connection: sw-center.st.com
2025-08-04 15:42:52,809 [ERROR] ConfigurationRetriever:142 - IOException on connection: sw-center.st.com
2025-08-04 15:42:52,809 [ERROR] ConfigurationRetriever:142 - IOException on connection: sw-center.st.com
2025-08-04 15:42:53,307 [ERROR] ConfigurationRetriever:142 - IOException on connection: sw-center.st.com
2025-08-04 15:42:53,307 [ERROR] ConfigurationRetriever:142 - IOException on connection: sw-center.st.com
2025-08-04 15:42:53,307 [ERROR] ConfigurationRetriever:142 - IOException on connection: sw-center.st.com
2025-08-04 15:42:53,807 [ERROR] LogOutputStream:75 - [STDERR_REDIRECT] [Fatal Error] :1:1: Premature end of file.
2025-08-04 15:42:53,807 [ERROR] LogOutputStream:75 - [STDERR_REDIRECT] 
2025-08-04 15:42:54,805 [ERROR] LogOutputStream:75 - [STDERR_REDIRECT] [Fatal Error] :1:1: Premature end of file.
2025-08-04 15:42:54,805 [ERROR] LogOutputStream:75 - [STDERR_REDIRECT] 
2025-08-04 15:42:55,804 [ERROR] LogOutputStream:75 - [STDERR_REDIRECT] [Fatal Error] :1:1: Premature end of file.
2025-08-04 15:42:55,804 [ERROR] LogOutputStream:75 - [STDERR_REDIRECT] 
2025-08-04 15:42:56,805 [ERROR] LogOutputStream:75 - [STDERR_REDIRECT] [Fatal Error] :1:1: Premature end of file.
2025-08-04 15:42:56,805 [ERROR] LogOutputStream:75 - [STDERR_REDIRECT] 
2025-08-04 15:42:57,805 [ERROR] LogOutputStream:75 - [STDERR_REDIRECT] [Fatal Error] :1:1: Premature end of file.
2025-08-04 15:42:57,805 [ERROR] LogOutputStream:75 - [STDERR_REDIRECT] 
2025-08-04 15:42:58,804 [ERROR] LogOutputStream:75 - [STDERR_REDIRECT] [Fatal Error] :1:1: Premature end of file.
2025-08-04 15:42:58,805 [ERROR] LogOutputStream:75 - [STDERR_REDIRECT] 
2025-08-04 15:42:59,805 [ERROR] LogOutputStream:75 - [STDERR_REDIRECT] [Fatal Error] :1:1: Premature end of file.
2025-08-04 15:42:59,805 [ERROR] LogOutputStream:75 - [STDERR_REDIRECT] 
2025-08-04 15:43:00,808 [ERROR] LogOutputStream:75 - [STDERR_REDIRECT] [Fatal Error] :1:1: Premature end of file.
2025-08-04 15:43:00,809 [ERROR] LogOutputStream:75 - [STDERR_REDIRECT] 
2025-08-04 15:43:01,804 [ERROR] LogOutputStream:75 - [STDERR_REDIRECT] [Fatal Error] :1:1: Premature end of file.
2025-08-04 15:43:01,805 [ERROR] LogOutputStream:75 - [STDERR_REDIRECT] 
2025-08-04 15:43:02,807 [ERROR] LogOutputStream:75 - [STDERR_REDIRECT] [Fatal Error] :1:1: Premature end of file.
2025-08-04 15:43:02,808 [ERROR] LogOutputStream:75 - [STDERR_REDIRECT] 
2025-08-04 15:43:03,816 [ERROR] LogOutputStream:75 - [STDERR_REDIRECT] [Fatal Error] :1:1: Premature end of file.
2025-08-04 15:43:03,816 [ERROR] LogOutputStream:75 - [STDERR_REDIRECT] 
2025-08-04 15:43:04,805 [ERROR] LogOutputStream:75 - [STDERR_REDIRECT] [Fatal Error] :1:1: Premature end of file.
2025-08-04 15:43:04,805 [ERROR] LogOutputStream:75 - [STDERR_REDIRECT] 
2025-08-04 15:43:05,804 [ERROR] LogOutputStream:75 - [STDERR_REDIRECT] [Fatal Error] :1:1: Premature end of file.
2025-08-04 15:43:05,805 [ERROR] LogOutputStream:75 - [STDERR_REDIRECT] 
2025-08-04 15:43:06,808 [ERROR] LogOutputStream:75 - [STDERR_REDIRECT] [Fatal Error] :1:1: Premature end of file.
2025-08-04 15:43:06,808 [ERROR] LogOutputStream:75 - [STDERR_REDIRECT] 
2025-08-04 15:43:07,805 [ERROR] LogOutputStream:75 - [STDERR_REDIRECT] [Fatal Error] :1:1: Premature end of file.
2025-08-04 15:43:07,805 [ERROR] LogOutputStream:75 - [STDERR_REDIRECT] 
2025-08-04 15:43:08,804 [ERROR] LogOutputStream:75 - [STDERR_REDIRECT] [Fatal Error] :1:1: Premature end of file.
2025-08-04 15:43:08,804 [ERROR] LogOutputStream:75 - [STDERR_REDIRECT] 
2025-08-04 15:43:09,805 [ERROR] LogOutputStream:75 - [STDERR_REDIRECT] [Fatal Error] :1:1: Premature end of file.
2025-08-04 15:43:09,805 [ERROR] LogOutputStream:75 - [STDERR_REDIRECT] 
2025-08-04 15:43:10,805 [ERROR] LogOutputStream:75 - [STDERR_REDIRECT] [Fatal Error] :1:1: Premature end of file.
2025-08-04 15:43:10,805 [ERROR] LogOutputStream:75 - [STDERR_REDIRECT] 
2025-08-04 15:43:11,805 [ERROR] LogOutputStream:75 - [STDERR_REDIRECT] [Fatal Error] :1:1: Premature end of file.
2025-08-04 15:43:11,805 [ERROR] LogOutputStream:75 - [STDERR_REDIRECT] 
2025-08-04 15:43:12,806 [ERROR] LogOutputStream:75 - [STDERR_REDIRECT] [Fatal Error] :1:1: Premature end of file.
2025-08-04 15:43:12,806 [ERROR] LogOutputStream:75 - [STDERR_REDIRECT] 
2025-08-04 15:43:13,804 [ERROR] LogOutputStream:75 - [STDERR_REDIRECT] [Fatal Error] :1:1: Premature end of file.
2025-08-04 15:43:13,805 [ERROR] LogOutputStream:75 - [STDERR_REDIRECT] 
2025-08-04 15:43:14,805 [ERROR] LogOutputStream:75 - [STDERR_REDIRECT] [Fatal Error] :1:1: Premature end of file.
2025-08-04 15:43:14,805 [ERROR] LogOutputStream:75 - [STDERR_REDIRECT] 
2025-08-04 15:43:15,806 [ERROR] LogOutputStream:75 - [STDERR_REDIRECT] [Fatal Error] :1:1: Premature end of file.
2025-08-04 15:43:15,806 [ERROR] LogOutputStream:75 - [STDERR_REDIRECT] 
2025-08-04 15:43:16,805 [ERROR] LogOutputStream:75 - [STDERR_REDIRECT] [Fatal Error] :1:1: Premature end of file.
2025-08-04 15:43:16,805 [ERROR] LogOutputStream:75 - [STDERR_REDIRECT] 
2025-08-04 15:43:17,806 [ERROR] LogOutputStream:75 - [STDERR_REDIRECT] [Fatal Error] :1:1: Premature end of file.
2025-08-04 15:43:17,806 [ERROR] LogOutputStream:75 - [STDERR_REDIRECT] 
2025-08-04 15:43:18,806 [ERROR] LogOutputStream:75 - [STDERR_REDIRECT] [Fatal Error] :1:1: Premature end of file.
2025-08-04 15:43:18,806 [ERROR] LogOutputStream:75 - [STDERR_REDIRECT] 
2025-08-04 15:43:19,805 [ERROR] LogOutputStream:75 - [STDERR_REDIRECT] [Fatal Error] :1:1: Premature end of file.
2025-08-04 15:43:19,805 [ERROR] LogOutputStream:75 - [STDERR_REDIRECT] 
2025-08-04 15:43:20,807 [ERROR] LogOutputStream:75 - [STDERR_REDIRECT] [Fatal Error] :1:1: Premature end of file.
2025-08-04 15:43:20,807 [ERROR] LogOutputStream:75 - [STDERR_REDIRECT] 
2025-08-04 15:43:21,805 [ERROR] LogOutputStream:75 - [STDERR_REDIRECT] [Fatal Error] :1:1: Premature end of file.
2025-08-04 15:43:21,805 [ERROR] LogOutputStream:75 - [STDERR_REDIRECT] 
2025-08-04 15:43:22,805 [ERROR] LogOutputStream:75 - [STDERR_REDIRECT] [Fatal Error] :1:1: Premature end of file.
2025-08-04 15:43:22,806 [ERROR] LogOutputStream:75 - [STDERR_REDIRECT] 
2025-08-04 15:43:23,804 [ERROR] LogOutputStream:75 - [STDERR_REDIRECT] [Fatal Error] :1:1: Premature end of file.
2025-08-04 15:43:23,804 [ERROR] LogOutputStream:75 - [STDERR_REDIRECT] 
2025-08-04 15:43:24,805 [ERROR] LogOutputStream:75 - [STDERR_REDIRECT] [Fatal Error] :1:1: Premature end of file.
2025-08-04 15:43:24,806 [ERROR] LogOutputStream:75 - [STDERR_REDIRECT] 
2025-08-04 15:43:25,805 [ERROR] LogOutputStream:75 - [STDERR_REDIRECT] [Fatal Error] :1:1: Premature end of file.
2025-08-04 15:43:25,806 [ERROR] LogOutputStream:75 - [STDERR_REDIRECT] 
2025-08-04 15:43:26,806 [ERROR] LogOutputStream:75 - [STDERR_REDIRECT] [Fatal Error] :1:1: Premature end of file.
2025-08-04 15:43:26,806 [ERROR] LogOutputStream:75 - [STDERR_REDIRECT] 
2025-08-04 15:43:27,805 [ERROR] LogOutputStream:75 - [STDERR_REDIRECT] [Fatal Error] :1:1: Premature end of file.
2025-08-04 15:43:27,805 [ERROR] LogOutputStream:75 - [STDERR_REDIRECT] 
2025-08-04 15:43:28,810 [ERROR] LogOutputStream:75 - [STDERR_REDIRECT] [Fatal Error] :1:1: Premature end of file.
2025-08-04 15:43:28,810 [ERROR] LogOutputStream:75 - [STDERR_REDIRECT] 
2025-08-04 15:43:29,803 [ERROR] LogOutputStream:75 - [STDERR_REDIRECT] [Fatal Error] :1:1: Premature end of file.
2025-08-04 15:43:29,803 [ERROR] LogOutputStream:75 - [STDERR_REDIRECT] 
2025-08-04 15:43:30,805 [ERROR] LogOutputStream:75 - [STDERR_REDIRECT] [Fatal Error] :1:1: Premature end of file.
2025-08-04 15:43:30,805 [ERROR] LogOutputStream:75 - [STDERR_REDIRECT] 
2025-08-04 15:43:31,814 [ERROR] LogOutputStream:75 - [STDERR_REDIRECT] [Fatal Error] :1:1: Premature end of file.
2025-08-04 15:43:31,814 [ERROR] LogOutputStream:75 - [STDERR_REDIRECT] 
2025-08-04 15:43:32,805 [ERROR] LogOutputStream:75 - [STDERR_REDIRECT] [Fatal Error] :1:1: Premature end of file.
2025-08-04 15:43:32,805 [ERROR] LogOutputStream:75 - [STDERR_REDIRECT] 
2025-08-04 15:43:33,805 [ERROR] LogOutputStream:75 - [STDERR_REDIRECT] [Fatal Error] :1:1: Premature end of file.
2025-08-04 15:43:33,805 [ERROR] LogOutputStream:75 - [STDERR_REDIRECT] 
2025-08-04 15:43:34,806 [ERROR] LogOutputStream:75 - [STDERR_REDIRECT] [Fatal Error] :1:1: Premature end of file.
2025-08-04 15:43:34,806 [ERROR] LogOutputStream:75 - [STDERR_REDIRECT] 
2025-08-04 15:43:35,807 [ERROR] LogOutputStream:75 - [STDERR_REDIRECT] [Fatal Error] :1:1: Premature end of file.
2025-08-04 15:43:35,807 [ERROR] LogOutputStream:75 - [STDERR_REDIRECT] 
2025-08-04 15:43:36,804 [ERROR] LogOutputStream:75 - [STDERR_REDIRECT] [Fatal Error] :1:1: Premature end of file.
2025-08-04 15:43:36,804 [ERROR] LogOutputStream:75 - [STDERR_REDIRECT] 
2025-08-04 15:43:37,805 [ERROR] LogOutputStream:75 - [STDERR_REDIRECT] [Fatal Error] :1:1: Premature end of file.
2025-08-04 15:43:37,805 [ERROR] LogOutputStream:75 - [STDERR_REDIRECT] 
2025-08-04 15:43:38,805 [ERROR] LogOutputStream:75 - [STDERR_REDIRECT] [Fatal Error] :1:1: Premature end of file.
2025-08-04 15:43:38,806 [ERROR] LogOutputStream:75 - [STDERR_REDIRECT] 
2025-08-04 15:43:39,805 [ERROR] LogOutputStream:75 - [STDERR_REDIRECT] [Fatal Error] :1:1: Premature end of file.
2025-08-04 15:43:39,805 [ERROR] LogOutputStream:75 - [STDERR_REDIRECT] 
2025-08-04 15:43:40,805 [ERROR] LogOutputStream:75 - [STDERR_REDIRECT] [Fatal Error] :1:1: Premature end of file.
2025-08-04 15:43:40,805 [ERROR] LogOutputStream:75 - [STDERR_REDIRECT] 
2025-08-04 15:43:41,805 [ERROR] LogOutputStream:75 - [STDERR_REDIRECT] [Fatal Error] :1:1: Premature end of file.
2025-08-04 15:43:41,805 [ERROR] LogOutputStream:75 - [STDERR_REDIRECT] 
2025-08-04 15:43:42,804 [ERROR] LogOutputStream:75 - [STDERR_REDIRECT] [Fatal Error] :1:1: Premature end of file.
2025-08-04 15:43:42,805 [ERROR] LogOutputStream:75 - [STDERR_REDIRECT] 
2025-08-04 15:43:43,806 [ERROR] LogOutputStream:75 - [STDERR_REDIRECT] [Fatal Error] :1:1: Premature end of file.
2025-08-04 15:43:43,806 [ERROR] LogOutputStream:75 - [STDERR_REDIRECT] 
2025-08-04 15:43:44,805 [ERROR] LogOutputStream:75 - [STDERR_REDIRECT] [Fatal Error] :1:1: Premature end of file.
2025-08-04 15:43:44,805 [ERROR] LogOutputStream:75 - [STDERR_REDIRECT] 
2025-08-04 15:43:45,806 [ERROR] LogOutputStream:75 - [STDERR_REDIRECT] [Fatal Error] :1:1: Premature end of file.
2025-08-04 15:43:45,806 [ERROR] LogOutputStream:75 - [STDERR_REDIRECT] 
2025-08-04 15:43:46,806 [ERROR] LogOutputStream:75 - [STDERR_REDIRECT] [Fatal Error] :1:1: Premature end of file.
2025-08-04 15:43:46,806 [ERROR] LogOutputStream:75 - [STDERR_REDIRECT] 
2025-08-04 15:43:47,804 [ERROR] LogOutputStream:75 - [STDERR_REDIRECT] [Fatal Error] :1:1: Premature end of file.
2025-08-04 15:43:47,805 [ERROR] LogOutputStream:75 - [STDERR_REDIRECT] 
2025-08-04 15:43:48,807 [ERROR] LogOutputStream:75 - [STDERR_REDIRECT] [Fatal Error] :1:1: Premature end of file.
2025-08-04 15:43:48,807 [ERROR] LogOutputStream:75 - [STDERR_REDIRECT] 
2025-08-04 15:43:49,805 [ERROR] LogOutputStream:75 - [STDERR_REDIRECT] [Fatal Error] :1:1: Premature end of file.
2025-08-04 15:43:49,805 [ERROR] LogOutputStream:75 - [STDERR_REDIRECT] 
2025-08-04 15:43:50,805 [ERROR] LogOutputStream:75 - [STDERR_REDIRECT] [Fatal Error] :1:1: Premature end of file.
2025-08-04 15:43:50,806 [ERROR] LogOutputStream:75 - [STDERR_REDIRECT] 
2025-08-04 15:43:51,806 [ERROR] LogOutputStream:75 - [STDERR_REDIRECT] [Fatal Error] :1:1: Premature end of file.
2025-08-04 15:43:51,806 [ERROR] LogOutputStream:75 - [STDERR_REDIRECT] 
2025-08-04 15:43:52,807 [ERROR] LogOutputStream:75 - [STDERR_REDIRECT] [Fatal Error] :1:1: Premature end of file.
2025-08-04 15:43:52,807 [ERROR] LogOutputStream:75 - [STDERR_REDIRECT] 
2025-08-04 15:43:53,805 [ERROR] LogOutputStream:75 - [STDERR_REDIRECT] [Fatal Error] :1:1: Premature end of file.
2025-08-04 15:43:53,807 [ERROR] LogOutputStream:75 - [STDERR_REDIRECT] 
2025-08-04 15:43:54,806 [ERROR] LogOutputStream:75 - [STDERR_REDIRECT] [Fatal Error] :1:1: Premature end of file.
2025-08-04 15:43:54,807 [ERROR] LogOutputStream:75 - [STDERR_REDIRECT] 
2025-08-04 15:43:55,806 [ERROR] LogOutputStream:75 - [STDERR_REDIRECT] [Fatal Error] :1:1: Premature end of file.
2025-08-04 15:43:55,806 [ERROR] LogOutputStream:75 - [STDERR_REDIRECT] 
2025-08-04 15:43:56,807 [ERROR] LogOutputStream:75 - [STDERR_REDIRECT] [Fatal Error] :1:1: Premature end of file.
2025-08-04 15:43:56,807 [ERROR] LogOutputStream:75 - [STDERR_REDIRECT] 
2025-08-04 15:43:57,805 [ERROR] LogOutputStream:75 - [STDERR_REDIRECT] [Fatal Error] :1:1: Premature end of file.
2025-08-04 15:43:57,805 [ERROR] LogOutputStream:75 - [STDERR_REDIRECT] 
2025-08-04 15:43:58,805 [ERROR] LogOutputStream:75 - [STDERR_REDIRECT] [Fatal Error] :1:1: Premature end of file.
2025-08-04 15:43:58,805 [ERROR] LogOutputStream:75 - [STDERR_REDIRECT] 
2025-08-04 15:43:59,806 [ERROR] LogOutputStream:75 - [STDERR_REDIRECT] [Fatal Error] :1:1: Premature end of file.
2025-08-04 15:43:59,806 [ERROR] LogOutputStream:75 - [STDERR_REDIRECT] 
2025-08-04 15:44:00,806 [ERROR] LogOutputStream:75 - [STDERR_REDIRECT] [Fatal Error] :1:1: Premature end of file.
2025-08-04 15:44:00,806 [ERROR] LogOutputStream:75 - [STDERR_REDIRECT] 
2025-08-04 15:44:01,806 [ERROR] LogOutputStream:75 - [STDERR_REDIRECT] [Fatal Error] :1:1: Premature end of file.
2025-08-04 15:44:01,806 [ERROR] LogOutputStream:75 - [STDERR_REDIRECT] 
2025-08-04 15:44:02,806 [ERROR] LogOutputStream:75 - [STDERR_REDIRECT] [Fatal Error] :1:1: Premature end of file.
2025-08-04 15:44:02,807 [ERROR] LogOutputStream:75 - [STDERR_REDIRECT] 
2025-08-04 15:44:03,805 [ERROR] LogOutputStream:75 - [STDERR_REDIRECT] [Fatal Error] :1:1: Premature end of file.
2025-08-04 15:44:03,805 [ERROR] LogOutputStream:75 - [STDERR_REDIRECT] 
2025-08-04 15:44:04,805 [ERROR] LogOutputStream:75 - [STDERR_REDIRECT] [Fatal Error] :1:1: Premature end of file.
2025-08-04 15:44:04,806 [ERROR] LogOutputStream:75 - [STDERR_REDIRECT] 
2025-08-04 15:44:05,805 [ERROR] LogOutputStream:75 - [STDERR_REDIRECT] [Fatal Error] :1:1: Premature end of file.
2025-08-04 15:44:05,805 [ERROR] LogOutputStream:75 - [STDERR_REDIRECT] 
2025-08-04 15:44:06,806 [ERROR] LogOutputStream:75 - [STDERR_REDIRECT] [Fatal Error] :1:1: Premature end of file.
2025-08-04 15:44:06,808 [ERROR] LogOutputStream:75 - [STDERR_REDIRECT] 
2025-08-04 15:44:07,805 [ERROR] LogOutputStream:75 - [STDERR_REDIRECT] [Fatal Error] :1:1: Premature end of file.
2025-08-04 15:44:07,806 [ERROR] LogOutputStream:75 - [STDERR_REDIRECT] 
2025-08-04 15:44:08,807 [ERROR] LogOutputStream:75 - [STDERR_REDIRECT] [Fatal Error] :1:1: Premature end of file.
2025-08-04 15:44:08,807 [ERROR] LogOutputStream:75 - [STDERR_REDIRECT] 
2025-08-04 15:44:09,806 [ERROR] LogOutputStream:75 - [STDERR_REDIRECT] [Fatal Error] :1:1: Premature end of file.
2025-08-04 15:44:09,806 [ERROR] LogOutputStream:75 - [STDERR_REDIRECT] 
2025-08-04 15:44:10,812 [ERROR] LogOutputStream:75 - [STDERR_REDIRECT] [Fatal Error] :1:1: Premature end of file.
2025-08-04 15:44:10,812 [ERROR] LogOutputStream:75 - [STDERR_REDIRECT] 
2025-08-04 15:44:11,805 [ERROR] LogOutputStream:75 - [STDERR_REDIRECT] [Fatal Error] :1:1: Premature end of file.
2025-08-04 15:44:11,805 [ERROR] LogOutputStream:75 - [STDERR_REDIRECT] 
2025-08-04 15:44:12,805 [ERROR] LogOutputStream:75 - [STDERR_REDIRECT] [Fatal Error] :1:1: Premature end of file.
2025-08-04 15:44:12,805 [ERROR] LogOutputStream:75 - [STDERR_REDIRECT] 
2025-08-04 15:44:13,805 [ERROR] LogOutputStream:75 - [STDERR_REDIRECT] [Fatal Error] :1:1: Premature end of file.
2025-08-04 15:44:13,805 [ERROR] LogOutputStream:75 - [STDERR_REDIRECT] 
2025-08-04 15:44:14,804 [ERROR] LogOutputStream:75 - [STDERR_REDIRECT] [Fatal Error] :1:1: Premature end of file.
2025-08-04 15:44:14,804 [ERROR] LogOutputStream:75 - [STDERR_REDIRECT] 
2025-08-04 15:44:15,806 [ERROR] LogOutputStream:75 - [STDERR_REDIRECT] [Fatal Error] :1:1: Premature end of file.
2025-08-04 15:44:15,806 [ERROR] LogOutputStream:75 - [STDERR_REDIRECT] 
2025-08-04 15:44:16,806 [ERROR] LogOutputStream:75 - [STDERR_REDIRECT] [Fatal Error] :1:1: Premature end of file.
2025-08-04 15:44:16,806 [ERROR] LogOutputStream:75 - [STDERR_REDIRECT] 
2025-08-04 15:44:17,802 [ERROR] LogOutputStream:75 - [STDERR_REDIRECT] [Fatal Error] :1:1: Premature end of file.
2025-08-04 15:44:17,802 [ERROR] LogOutputStream:75 - [STDERR_REDIRECT] 
2025-08-04 15:44:18,806 [ERROR] LogOutputStream:75 - [STDERR_REDIRECT] [Fatal Error] :1:1: Premature end of file.
2025-08-04 15:44:18,806 [ERROR] LogOutputStream:75 - [STDERR_REDIRECT] 
2025-08-04 15:44:19,806 [ERROR] LogOutputStream:75 - [STDERR_REDIRECT] [Fatal Error] :1:1: Premature end of file.
2025-08-04 15:44:19,806 [ERROR] LogOutputStream:75 - [STDERR_REDIRECT] 
2025-08-04 15:44:20,804 [ERROR] LogOutputStream:75 - [STDERR_REDIRECT] [Fatal Error] :1:1: Premature end of file.
2025-08-04 15:44:20,804 [ERROR] LogOutputStream:75 - [STDERR_REDIRECT] 
2025-08-04 15:44:21,805 [ERROR] LogOutputStream:75 - [STDERR_REDIRECT] [Fatal Error] :1:1: Premature end of file.
2025-08-04 15:44:21,805 [ERROR] LogOutputStream:75 - [STDERR_REDIRECT] 
2025-08-04 15:44:22,804 [ERROR] LogOutputStream:75 - [STDERR_REDIRECT] [Fatal Error] :1:1: Premature end of file.
2025-08-04 15:44:22,804 [ERROR] LogOutputStream:75 - [STDERR_REDIRECT] 
2025-08-04 15:44:23,804 [ERROR] LogOutputStream:75 - [STDERR_REDIRECT] [Fatal Error] :1:1: Premature end of file.
2025-08-04 15:44:23,804 [ERROR] LogOutputStream:75 - [STDERR_REDIRECT] 
2025-08-04 15:44:24,805 [ERROR] LogOutputStream:75 - [STDERR_REDIRECT] [Fatal Error] :1:1: Premature end of file.
2025-08-04 15:44:24,805 [ERROR] LogOutputStream:75 - [STDERR_REDIRECT] 
2025-08-04 15:44:25,804 [ERROR] LogOutputStream:75 - [STDERR_REDIRECT] [Fatal Error] :1:1: Premature end of file.
2025-08-04 15:44:25,805 [ERROR] LogOutputStream:75 - [STDERR_REDIRECT] 
2025-08-04 15:44:26,806 [ERROR] LogOutputStream:75 - [STDERR_REDIRECT] [Fatal Error] :1:1: Premature end of file.
2025-08-04 15:44:26,806 [ERROR] LogOutputStream:75 - [STDERR_REDIRECT] 
2025-08-04 15:44:27,803 [ERROR] LogOutputStream:75 - [STDERR_REDIRECT] [Fatal Error] :1:1: Premature end of file.
2025-08-04 15:44:27,804 [ERROR] LogOutputStream:75 - [STDERR_REDIRECT] 
2025-08-04 15:44:28,804 [ERROR] LogOutputStream:75 - [STDERR_REDIRECT] [Fatal Error] :1:1: Premature end of file.
2025-08-04 15:44:28,805 [ERROR] LogOutputStream:75 - [STDERR_REDIRECT] 
2025-08-04 15:44:29,805 [ERROR] LogOutputStream:75 - [STDERR_REDIRECT] [Fatal Error] :1:1: Premature end of file.
2025-08-04 15:44:29,805 [ERROR] LogOutputStream:75 - [STDERR_REDIRECT] 
2025-08-04 15:44:30,813 [ERROR] LogOutputStream:75 - [STDERR_REDIRECT] [Fatal Error] :1:1: Premature end of file.
2025-08-04 15:44:30,815 [ERROR] LogOutputStream:75 - [STDERR_REDIRECT] 
2025-08-04 15:44:31,226 [ERROR] ConfigurationRetriever:142 - IOException on connection: sw-center.st.com
2025-08-04 15:44:31,226 [ERROR] ConfigurationRetriever:142 - IOException on connection: sw-center.st.com
2025-08-04 15:44:31,226 [ERROR] ConfigurationRetriever:142 - IOException on connection: sw-center.st.com
2025-08-04 15:44:31,804 [ERROR] LogOutputStream:75 - [STDERR_REDIRECT] [Fatal Error] :1:1: Premature end of file.
2025-08-04 15:44:31,804 [ERROR] LogOutputStream:75 - [STDERR_REDIRECT] 
2025-08-04 15:44:32,802 [ERROR] LogOutputStream:75 - [STDERR_REDIRECT] [Fatal Error] :1:1: Premature end of file.
2025-08-04 15:44:32,802 [ERROR] LogOutputStream:75 - [STDERR_REDIRECT] 
2025-08-04 15:44:33,804 [ERROR] LogOutputStream:75 - [STDERR_REDIRECT] [Fatal Error] :1:1: Premature end of file.
2025-08-04 15:44:33,804 [ERROR] LogOutputStream:75 - [STDERR_REDIRECT] 
2025-08-04 15:44:34,805 [ERROR] LogOutputStream:75 - [STDERR_REDIRECT] [Fatal Error] :1:1: Premature end of file.
2025-08-04 15:44:34,805 [ERROR] LogOutputStream:75 - [STDERR_REDIRECT] 
2025-08-04 15:44:35,805 [ERROR] LogOutputStream:75 - [STDERR_REDIRECT] [Fatal Error] :1:1: Premature end of file.
2025-08-04 15:44:35,805 [ERROR] LogOutputStream:75 - [STDERR_REDIRECT] 
2025-08-04 15:44:36,807 [ERROR] LogOutputStream:75 - [STDERR_REDIRECT] [Fatal Error] :1:1: Premature end of file.
2025-08-04 15:44:36,807 [ERROR] LogOutputStream:75 - [STDERR_REDIRECT] 
2025-08-04 15:44:37,805 [ERROR] LogOutputStream:75 - [STDERR_REDIRECT] [Fatal Error] :1:1: Premature end of file.
2025-08-04 15:44:37,805 [ERROR] LogOutputStream:75 - [STDERR_REDIRECT] 
2025-08-04 15:44:38,804 [ERROR] LogOutputStream:75 - [STDERR_REDIRECT] [Fatal Error] :1:1: Premature end of file.
2025-08-04 15:44:38,804 [ERROR] LogOutputStream:75 - [STDERR_REDIRECT] 
2025-08-04 15:44:39,816 [ERROR] LogOutputStream:75 - [STDERR_REDIRECT] [Fatal Error] :1:1: Premature end of file.
2025-08-04 15:44:39,817 [ERROR] LogOutputStream:75 - [STDERR_REDIRECT] 
2025-08-04 15:44:40,804 [ERROR] LogOutputStream:75 - [STDERR_REDIRECT] [Fatal Error] :1:1: Premature end of file.
2025-08-04 15:44:40,805 [ERROR] LogOutputStream:75 - [STDERR_REDIRECT] 
2025-08-04 15:44:41,806 [ERROR] LogOutputStream:75 - [STDERR_REDIRECT] [Fatal Error] :1:1: Premature end of file.
2025-08-04 15:44:41,806 [ERROR] LogOutputStream:75 - [STDERR_REDIRECT] 
2025-08-04 15:44:42,804 [ERROR] LogOutputStream:75 - [STDERR_REDIRECT] [Fatal Error] :1:1: Premature end of file.
2025-08-04 15:44:42,804 [ERROR] LogOutputStream:75 - [STDERR_REDIRECT] 
2025-08-04 15:44:43,805 [ERROR] LogOutputStream:75 - [STDERR_REDIRECT] [Fatal Error] :1:1: Premature end of file.
2025-08-04 15:44:43,805 [ERROR] LogOutputStream:75 - [STDERR_REDIRECT] 
2025-08-04 15:44:44,805 [ERROR] LogOutputStream:75 - [STDERR_REDIRECT] [Fatal Error] :1:1: Premature end of file.
2025-08-04 15:44:44,805 [ERROR] LogOutputStream:75 - [STDERR_REDIRECT] 
2025-08-04 15:44:44,943 [ERROR] ConfigurationRetriever:142 - IOException on connection: sw-center.st.com
2025-08-04 15:44:44,944 [ERROR] ConfigurationRetriever:142 - IOException on connection: sw-center.st.com
2025-08-04 15:44:44,944 [ERROR] ConfigurationRetriever:142 - IOException on connection: sw-center.st.com
2025-08-04 15:44:45,804 [ERROR] LogOutputStream:75 - [STDERR_REDIRECT] [Fatal Error] :1:1: Premature end of file.
2025-08-04 15:44:45,805 [ERROR] LogOutputStream:75 - [STDERR_REDIRECT] 
2025-08-04 15:44:46,806 [ERROR] LogOutputStream:75 - [STDERR_REDIRECT] [Fatal Error] :1:1: Premature end of file.
2025-08-04 15:44:46,806 [ERROR] LogOutputStream:75 - [STDERR_REDIRECT] 
2025-08-04 15:44:47,804 [ERROR] LogOutputStream:75 - [STDERR_REDIRECT] [Fatal Error] :1:1: Premature end of file.
2025-08-04 15:44:47,804 [ERROR] LogOutputStream:75 - [STDERR_REDIRECT] 
2025-08-04 15:44:48,805 [ERROR] LogOutputStream:75 - [STDERR_REDIRECT] [Fatal Error] :1:1: Premature end of file.
2025-08-04 15:44:48,805 [ERROR] LogOutputStream:75 - [STDERR_REDIRECT] 
2025-08-04 15:44:49,804 [ERROR] LogOutputStream:75 - [STDERR_REDIRECT] [Fatal Error] :1:1: Premature end of file.
2025-08-04 15:44:49,804 [ERROR] LogOutputStream:75 - [STDERR_REDIRECT] 
2025-08-04 15:44:50,804 [ERROR] LogOutputStream:75 - [STDERR_REDIRECT] [Fatal Error] :1:1: Premature end of file.
2025-08-04 15:44:50,804 [ERROR] LogOutputStream:75 - [STDERR_REDIRECT] 
2025-08-04 15:44:51,807 [ERROR] LogOutputStream:75 - [STDERR_REDIRECT] [Fatal Error] :1:1: Premature end of file.
2025-08-04 15:44:51,808 [ERROR] LogOutputStream:75 - [STDERR_REDIRECT] 
2025-08-04 15:44:52,806 [ERROR] LogOutputStream:75 - [STDERR_REDIRECT] [Fatal Error] :1:1: Premature end of file.
2025-08-04 15:44:52,806 [ERROR] LogOutputStream:75 - [STDERR_REDIRECT] 
2025-08-04 15:44:53,804 [ERROR] LogOutputStream:75 - [STDERR_REDIRECT] [Fatal Error] :1:1: Premature end of file.
2025-08-04 15:44:53,804 [ERROR] LogOutputStream:75 - [STDERR_REDIRECT] 
2025-08-04 15:44:54,806 [ERROR] LogOutputStream:75 - [STDERR_REDIRECT] [Fatal Error] :1:1: Premature end of file.
2025-08-04 15:44:54,806 [ERROR] LogOutputStream:75 - [STDERR_REDIRECT] 
2025-08-04 15:44:55,806 [ERROR] LogOutputStream:75 - [STDERR_REDIRECT] [Fatal Error] :1:1: Premature end of file.
2025-08-04 15:44:55,806 [ERROR] LogOutputStream:75 - [STDERR_REDIRECT] 
2025-08-04 15:44:56,803 [ERROR] LogOutputStream:75 - [STDERR_REDIRECT] [Fatal Error] :1:1: Premature end of file.
2025-08-04 15:44:56,805 [ERROR] LogOutputStream:75 - [STDERR_REDIRECT] 
2025-08-04 15:44:57,804 [ERROR] LogOutputStream:75 - [STDERR_REDIRECT] [Fatal Error] :1:1: Premature end of file.
2025-08-04 15:44:57,804 [ERROR] LogOutputStream:75 - [STDERR_REDIRECT] 
2025-08-04 15:44:58,805 [ERROR] LogOutputStream:75 - [STDERR_REDIRECT] [Fatal Error] :1:1: Premature end of file.
2025-08-04 15:44:58,805 [ERROR] LogOutputStream:75 - [STDERR_REDIRECT] 
2025-08-04 15:44:59,804 [ERROR] LogOutputStream:75 - [STDERR_REDIRECT] [Fatal Error] :1:1: Premature end of file.
2025-08-04 15:44:59,804 [ERROR] LogOutputStream:75 - [STDERR_REDIRECT] 
2025-08-04 15:45:00,805 [ERROR] LogOutputStream:75 - [STDERR_REDIRECT] [Fatal Error] :1:1: Premature end of file.
2025-08-04 15:45:00,805 [ERROR] LogOutputStream:75 - [STDERR_REDIRECT] 
2025-08-04 15:45:01,803 [ERROR] LogOutputStream:75 - [STDERR_REDIRECT] [Fatal Error] :1:1: Premature end of file.
2025-08-04 15:45:01,804 [ERROR] LogOutputStream:75 - [STDERR_REDIRECT] 
2025-08-04 15:45:02,805 [ERROR] LogOutputStream:75 - [STDERR_REDIRECT] [Fatal Error] :1:1: Premature end of file.
2025-08-04 15:45:02,805 [ERROR] LogOutputStream:75 - [STDERR_REDIRECT] 
2025-08-04 15:45:03,805 [ERROR] LogOutputStream:75 - [STDERR_REDIRECT] [Fatal Error] :1:1: Premature end of file.
2025-08-04 15:45:03,805 [ERROR] LogOutputStream:75 - [STDERR_REDIRECT] 
2025-08-04 15:45:04,805 [ERROR] LogOutputStream:75 - [STDERR_REDIRECT] [Fatal Error] :1:1: Premature end of file.
2025-08-04 15:45:04,805 [ERROR] LogOutputStream:75 - [STDERR_REDIRECT] 
2025-08-04 15:45:05,804 [ERROR] LogOutputStream:75 - [STDERR_REDIRECT] [Fatal Error] :1:1: Premature end of file.
2025-08-04 15:45:05,804 [ERROR] LogOutputStream:75 - [STDERR_REDIRECT] 
2025-08-04 15:45:06,804 [ERROR] LogOutputStream:75 - [STDERR_REDIRECT] [Fatal Error] :1:1: Premature end of file.
2025-08-04 15:45:06,804 [ERROR] LogOutputStream:75 - [STDERR_REDIRECT] 
2025-08-04 15:45:07,805 [ERROR] LogOutputStream:75 - [STDERR_REDIRECT] [Fatal Error] :1:1: Premature end of file.
2025-08-04 15:45:07,805 [ERROR] LogOutputStream:75 - [STDERR_REDIRECT] 
2025-08-04 15:45:08,805 [ERROR] LogOutputStream:75 - [STDERR_REDIRECT] [Fatal Error] :1:1: Premature end of file.
2025-08-04 15:45:08,806 [ERROR] LogOutputStream:75 - [STDERR_REDIRECT] 
2025-08-04 15:45:09,805 [ERROR] LogOutputStream:75 - [STDERR_REDIRECT] [Fatal Error] :1:1: Premature end of file.
2025-08-04 15:45:09,805 [ERROR] LogOutputStream:75 - [STDERR_REDIRECT] 
2025-08-04 15:45:10,806 [ERROR] LogOutputStream:75 - [STDERR_REDIRECT] [Fatal Error] :1:1: Premature end of file.
2025-08-04 15:45:10,806 [ERROR] LogOutputStream:75 - [STDERR_REDIRECT] 
2025-08-04 15:45:11,805 [ERROR] LogOutputStream:75 - [STDERR_REDIRECT] [Fatal Error] :1:1: Premature end of file.
2025-08-04 15:45:11,805 [ERROR] LogOutputStream:75 - [STDERR_REDIRECT] 
2025-08-04 15:45:12,804 [ERROR] LogOutputStream:75 - [STDERR_REDIRECT] [Fatal Error] :1:1: Premature end of file.
2025-08-04 15:45:12,804 [ERROR] LogOutputStream:75 - [STDERR_REDIRECT] 
2025-08-04 15:45:13,804 [ERROR] LogOutputStream:75 - [STDERR_REDIRECT] [Fatal Error] :1:1: Premature end of file.
2025-08-04 15:45:13,804 [ERROR] LogOutputStream:75 - [STDERR_REDIRECT] 
2025-08-04 15:45:14,805 [ERROR] LogOutputStream:75 - [STDERR_REDIRECT] [Fatal Error] :1:1: Premature end of file.
2025-08-04 15:45:14,806 [ERROR] LogOutputStream:75 - [STDERR_REDIRECT] 
2025-08-04 15:45:15,805 [ERROR] LogOutputStream:75 - [STDERR_REDIRECT] [Fatal Error] :1:1: Premature end of file.
2025-08-04 15:45:15,805 [ERROR] LogOutputStream:75 - [STDERR_REDIRECT] 
2025-08-04 15:45:16,805 [ERROR] LogOutputStream:75 - [STDERR_REDIRECT] [Fatal Error] :1:1: Premature end of file.
2025-08-04 15:45:16,805 [ERROR] LogOutputStream:75 - [STDERR_REDIRECT] 
2025-08-04 15:45:17,817 [ERROR] LogOutputStream:75 - [STDERR_REDIRECT] [Fatal Error] :1:1: Premature end of file.
2025-08-04 15:45:17,817 [ERROR] LogOutputStream:75 - [STDERR_REDIRECT] 
2025-08-04 15:45:18,815 [ERROR] LogOutputStream:75 - [STDERR_REDIRECT] [Fatal Error] :1:1: Premature end of file.
2025-08-04 15:45:18,815 [ERROR] LogOutputStream:75 - [STDERR_REDIRECT] 
2025-08-04 15:45:19,803 [ERROR] LogOutputStream:75 - [STDERR_REDIRECT] [Fatal Error] :1:1: Premature end of file.
2025-08-04 15:45:19,803 [ERROR] LogOutputStream:75 - [STDERR_REDIRECT] 
2025-08-04 15:45:20,810 [ERROR] LogOutputStream:75 - [STDERR_REDIRECT] [Fatal Error] :1:1: Premature end of file.
2025-08-04 15:45:20,810 [ERROR] LogOutputStream:75 - [STDERR_REDIRECT] 
2025-08-04 15:45:21,756 [ERROR] ConfigurationRetriever:142 - IOException on connection: sw-center.st.com
2025-08-04 15:45:21,756 [ERROR] ConfigurationRetriever:142 - IOException on connection: sw-center.st.com
2025-08-04 15:45:21,758 [ERROR] ConfigurationRetriever:142 - IOException on connection: sw-center.st.com
2025-08-04 15:45:21,814 [ERROR] LogOutputStream:75 - [STDERR_REDIRECT] [Fatal Error] :1:1: Premature end of file.
2025-08-04 15:45:21,814 [ERROR] LogOutputStream:75 - [STDERR_REDIRECT] 
2025-08-04 15:45:23,125 [ERROR] LogOutputStream:75 - [STDERR_REDIRECT] 
