20:38:56 **** Rebuild of configuration Debug for project stm32cli ****
Info: Internal Builder is used for build
gcc -IC:\project\study\stm32cli\src -IC:\project\study\stm32cli\src\ap -IC:\project\study\stm32cli\src\bsp -IC:\project\study\stm32cli\src\common -IC:\project\study\stm32cli\src\common\core -IC:\project\study\stm32cli\src\common\hw\include -IC:\project\study\stm32cli\src\hw -IC:\project\study\stm32cli\src\lib -O0 -std=gnu11 -g3 -Wall -c -fmessage-length=0 -o src\common\core\qbuffer.o ..\src\common\core\qbuffer.c 
gcc -IC:\project\study\stm32cli\src -IC:\project\study\stm32cli\src\ap -IC:\project\study\stm32cli\src\bsp -IC:\project\study\stm32cli\src\common -IC:\project\study\stm32cli\src\common\core -IC:\project\study\stm32cli\src\common\hw\include -IC:\project\study\stm32cli\src\hw -IC:\project\study\stm32cli\src\lib -O0 -std=gnu11 -g3 -Wall -c -fmessage-length=0 -o src\hw\hw.o ..\src\hw\hw.c 
gcc -IC:\project\study\stm32cli\src -IC:\project\study\stm32cli\src\ap -IC:\project\study\stm32cli\src\bsp -IC:\project\study\stm32cli\src\common -IC:\project\study\stm32cli\src\common\core -IC:\project\study\stm32cli\src\common\hw\include -IC:\project\study\stm32cli\src\hw -IC:\project\study\stm32cli\src\lib -O0 -std=gnu11 -g3 -Wall -c -fmessage-length=0 -o src\ap\ap.o ..\src\ap\ap.c 
gcc -IC:\project\study\stm32cli\src -IC:\project\study\stm32cli\src\ap -IC:\project\study\stm32cli\src\bsp -IC:\project\study\stm32cli\src\common -IC:\project\study\stm32cli\src\common\core -IC:\project\study\stm32cli\src\common\hw\include -IC:\project\study\stm32cli\src\hw -IC:\project\study\stm32cli\src\lib -O0 -std=gnu11 -g3 -Wall -c -fmessage-length=0 -o src\hw\driver\uart.o ..\src\hw\driver\uart.c 
gcc -IC:\project\study\stm32cli\src -IC:\project\study\stm32cli\src\ap -IC:\project\study\stm32cli\src\bsp -IC:\project\study\stm32cli\src\common -IC:\project\study\stm32cli\src\common\core -IC:\project\study\stm32cli\src\common\hw\include -IC:\project\study\stm32cli\src\hw -IC:\project\study\stm32cli\src\lib -O0 -std=gnu11 -g3 -Wall -c -fmessage-length=0 -o src\main.o ..\src\main.c 
gcc -IC:\project\study\stm32cli\src -IC:\project\study\stm32cli\src\ap -IC:\project\study\stm32cli\src\bsp -IC:\project\study\stm32cli\src\common -IC:\project\study\stm32cli\src\common\core -IC:\project\study\stm32cli\src\common\hw\include -IC:\project\study\stm32cli\src\hw -IC:\project\study\stm32cli\src\lib -O0 -std=gnu11 -g3 -Wall -c -fmessage-length=0 -o src\hw\driver\cli.o ..\src\hw\driver\cli.c 
gcc -IC:\project\study\stm32cli\src -IC:\project\study\stm32cli\src\ap -IC:\project\study\stm32cli\src\bsp -IC:\project\study\stm32cli\src\common -IC:\project\study\stm32cli\src\common\core -IC:\project\study\stm32cli\src\common\hw\include -IC:\project\study\stm32cli\src\hw -IC:\project\study\stm32cli\src\lib -O0 -std=gnu11 -g3 -Wall -c -fmessage-length=0 -o src\bsp\bsp.o ..\src\bsp\bsp.c 
..\src\hw\driver\cli.c: In function 'cliMemoryDump':
..\src\hw\driver\cli.c:730:12: warning: cast to pointer from integer of different size [-Wint-to-pointer-cast]
   addr   = (unsigned int *)strtoul((const char * ) argv[0], (char **)NULL, (int) 0);
            ^
..\src\hw\driver\cli.c:738:30: warning: cast from pointer to integer of different size [-Wpointer-to-int-cast]
       cliPrintf(" 0x%08X: ", (unsigned int)addr);
                              ^
gcc -o stm32cli src\ap\ap.o src\bsp\bsp.o src\common\core\qbuffer.o src\hw\driver\cli.o src\hw\driver\uart.o src\hw\hw.o src\main.o 
Info: Parallel threads used: 7
20:43:24 **** Incremental Build of configuration Debug for project stm32cli ****
Info: Internal Builder is used for build
Info: Parallel threads used: 0
20:43:41 **** Incremental Build of configuration Debug for project stm32cli ****
Info: Internal Builder is used for build
Info: Parallel threads used: 0
